[info] [35m[HTTP][39m [37m-->[39m [37mPOST[39m [37m/wd/hub/session[39m
[info] [35m[HTTP][39m [90m{"capabilities":{"firstMatch":[{"platformName":"Android","appium:platfomVersion":"7.0","appium:deviceName":"Gigaset GS170","appium:app":"/home/tester/Desktop/appium/appium/ContactManager.apk","appium:appPackage":"com.example.android.contactmanager","appium:appActivity":"com.example.android.contactmanager.ContactManager","appium:unicodeKeyboard":true,"appium:resetKeyboard":true}]},"desiredCapabilities":{"platformName":"Android","platfomVersion":"7.0","deviceName":"Gigaset GS170","app":"/home/tester/Desktop/appium/appium/ContactManager.apk","appPackage":"com.example.android.contactmanager","appActivity":"com.example.android.contactmanager.ContactManager","unicodeKeyboard":true,"resetKeyboard":true}}[39m
[debug] [35m[W3C][39m Calling AppiumDriver.createSession() with args: [{"platformName":"Android","platfomVersion":"7.0","deviceName":"Gigaset GS170","app":"/home/tester/Desktop/appium/appium/ContactManager.apk","appPackage":"com.example.android.contactmanager","appActivity":"com.example.android.contactmanager.ContactManager","unicodeKeyboard":true,"resetKeyboard":true},null,{"firstMatch":[{"platformName":"Android","appium:platfomVersion":"7.0","appium:deviceName":"Gigaset GS170","appium:app":"/home/tester/Desktop/appium/appium/ContactManager.apk","appium:appPackage":"com.example.android.contactmanager","appium:appActivity":"com.example.android.contactmanager.ContactManager","appium:unicodeKeyboard":true,"appium:resetKeyboard":true}]}]
[debug] [35m[BaseDriver][39m Event 'newSessionRequested' logged at 1583059816075 (11:50:16 GMT+0100 (CET))
[warn] [35m[Appium][39m 
[warn] [35m[Appium][39m ======================================================================
[warn] [35m[Appium][39m   DEPRECATION WARNING:
[warn] [35m[Appium][39m 
[warn] [35m[Appium][39m   The 'automationName' capability was not provided in the desired 
[warn] [35m[Appium][39m   capabilities for this Android session
[warn] [35m[Appium][39m 
[warn] [35m[Appium][39m   Setting 'automationName=UiAutomator2' by default and using the 
[warn] [35m[Appium][39m   UiAutomator2 Driver
[warn] [35m[Appium][39m 
[warn] [35m[Appium][39m   The next major version of Appium (2.x) will **require** the 
[warn] [35m[Appium][39m   'automationName' capability to be set for all sessions on all 
[warn] [35m[Appium][39m   platforms
[warn] [35m[Appium][39m 
[warn] [35m[Appium][39m   In previous versions (Appium <= 1.13.x), the default was 
[warn] [35m[Appium][39m   'automationName=UiAutomator1'
[warn] [35m[Appium][39m 
[warn] [35m[Appium][39m   If you wish to use that automation instead of UiAutomator2, please 
[warn] [35m[Appium][39m   add 'automationName=UiAutomator1' to your desired capabilities
[warn] [35m[Appium][39m 
[warn] [35m[Appium][39m   For more information about drivers, please visit 
[warn] [35m[Appium][39m   http://appium.io/docs/en/about-appium/intro/ and explore the 
[warn] [35m[Appium][39m   'Drivers' menu
[warn] [35m[Appium][39m 
[warn] [35m[Appium][39m ======================================================================
[warn] [35m[Appium][39m 
[info] [35m[Appium][39m Appium v1.15.1 creating new AndroidUiautomator2Driver (v1.37.2) session
[debug] [35m[BaseDriver][39m W3C capabilities and MJSONWP desired capabilities were provided
[debug] [35m[BaseDriver][39m Creating session with W3C capabilities: {
[debug] [35m[BaseDriver][39m   "alwaysMatch": {
[debug] [35m[BaseDriver][39m     "platformName": "Android",
[debug] [35m[BaseDriver][39m     "appium:platfomVersion": "7.0",
[debug] [35m[BaseDriver][39m     "appium:deviceName": "Gigaset GS170",
[debug] [35m[BaseDriver][39m     "appium:app": "/home/tester/Desktop/appium/appium/ContactManager.apk",
[debug] [35m[BaseDriver][39m     "appium:appPackage": "com.example.android.contactmanager",
[debug] [35m[BaseDriver][39m     "appium:appActivity": "com.example.android.contactmanager.ContactManager",
[debug] [35m[BaseDriver][39m     "appium:unicodeKeyboard": true,
[debug] [35m[BaseDriver][39m     "appium:resetKeyboard": true
[debug] [35m[BaseDriver][39m   },
[debug] [35m[BaseDriver][39m   "firstMatch": [
[debug] [35m[BaseDriver][39m     {}
[debug] [35m[BaseDriver][39m   ]
[debug] [35m[BaseDriver][39m }
[warn] [35m[BaseDriver][39m The following capabilities were provided, but are not recognized by Appium:
[warn] [35m[BaseDriver][39m   platfomVersion
[info] [35m[BaseDriver][39m Session created with session id: dc37012e-5d75-46a0-8ab3-4c4a1d39b20e
[info] [35m[BaseDriver][39m Using local app '/home/tester/Desktop/appium/appium/ContactManager.apk'
[debug] [35m[UiAutomator2][39m Checking whether app is actually present
[info] [35m[ADB][39m Using 'adb' from '/home/tester/Android/Sdk/platform-tools/adb'
[info] [35m[AndroidDriver][39m Retrieving device list
[debug] [35m[ADB][39m Trying to find a connected android device
[debug] [35m[ADB][39m Getting connected devices...
[debug] [35m[ADB][39m Connected devices: [{"udid":"6H6LQGK7DE8HIBCU","state":"device"}]
[info] [35m[AndroidDriver][39m Using device: 6H6LQGK7DE8HIBCU
[info] [35m[ADB][39m Using 'adb' from '/home/tester/Android/Sdk/platform-tools/adb'
[debug] [35m[ADB][39m Setting device id to 6H6LQGK7DE8HIBCU
[debug] [35m[ADB][39m Running '/home/tester/Android/Sdk/platform-tools/adb -P 5037 -s 6H6LQGK7DE8HIBCU shell getprop ro.build.version.sdk'
[debug] [35m[ADB][39m Current device property 'ro.build.version.sdk': 24
[debug] [35m[ADB][39m Device API level: 24
[debug] [35m[ADB][39m Running '/home/tester/Android/Sdk/platform-tools/adb -P 5037 -s 6H6LQGK7DE8HIBCU wait-for-device'
[debug] [35m[ADB][39m Running '/home/tester/Android/Sdk/platform-tools/adb -P 5037 -s 6H6LQGK7DE8HIBCU shell echo ping'
[debug] [35m[AndroidDriver][39m Pushing settings apk to device...
[debug] [35m[ADB][39m Getting install status for io.appium.settings
[debug] [35m[ADB][39m Running '/home/tester/Android/Sdk/platform-tools/adb -P 5037 -s 6H6LQGK7DE8HIBCU shell dumpsys package io.appium.settings'[debug] [35m[ADB][39m 'io.appium.settings' is installed
[debug] [35m[ADB][39m Getting package info for 'io.appium.settings'
[debug] [35m[ADB][39m Running '/home/tester/Android/Sdk/platform-tools/adb -P 5037 -s 6H6LQGK7DE8HIBCU shell dumpsys package io.appium.settings'
[info] [35m[ADB][39m Using 'apkanalyzer' from '/home/tester/Android/Sdk/tools/bin/apkanalyzer'
[debug] [35m[ADB][39m Starting '/home/tester/Android/Sdk/tools/bin/apkanalyzer' with args ["manifest","print","/tmp/.mount_AppiumcbWzJH/resources/app/node_modules/appium/node_modules/io.appium.settings/apks/settings_apk-debug.apk"]
[info] [35m[ADB][39m Cannot extract apk info using apkanalyzer. Falling back to aapt. Original error: /bin/sh: 1: /home/tester/Android/Sdk/tools/bin/apkanalyzer: Permission denied
[info] [35m[ADB][39m 
[info] [35m[ADB][39m Using 'aapt' from '/home/tester/Android/Sdk/build-tools/29.0.3/aapt'
[debug] [35m[ADB][39m The version name of the installed 'io.appium.settings' is greater or equal to the application version name ('2.14.2' >= '2.14.2')
[debug] [35m[ADB][39m There is no need to install/upgrade '/tmp/.mount_AppiumcbWzJH/resources/app/node_modules/appium/node_modules/io.appium.settings/apks/settings_apk-debug.apk'
[debug] [35m[ADB][39m Getting IDs of all 'io.appium.settings' processes
[debug] [35m[ADB][39m Running '/home/tester/Android/Sdk/platform-tools/adb -P 5037 -s 6H6LQGK7DE8HIBCU shell 'pgrep --help; echo $?''[debug] [35m[ADB][39m Running '/home/tester/Android/Sdk/platform-tools/adb -P 5037 -s 6H6LQGK7DE8HIBCU shell pgrep \^appium\\.settings\$'
[debug] [35m[AndroidDriver][39m io.appium.settings is already running. There is no need to reset its permissions.
[debug] [35m[ADB][39m Running '/home/tester/Android/Sdk/platform-tools/adb -P 5037 -s 6H6LQGK7DE8HIBCU shell appops set io.appium.settings android\:mock_location allow'
[debug] [35m[Logcat][39m Starting logcat capture[debug] [35m[AndroidDriver][39m Enabling Unicode keyboard support
[debug] [35m[ADB][39m Running '/home/tester/Android/Sdk/platform-tools/adb -P 5037 -s 6H6LQGK7DE8HIBCU shell settings get secure default_input_method'[debug] [35m[AndroidDriver][39m Unsetting previous IME com.android.inputmethod.latin/.LatinIME
[debug] [35m[AndroidDriver][39m Setting IME to 'io.appium.settings/.UnicodeIME'
[debug] [35m[ADB][39m Running '/home/tester/Android/Sdk/platform-tools/adb -P 5037 -s 6H6LQGK7DE8HIBCU shell ime enable io.appium.settings/.UnicodeIME'[debug] [35m[ADB][39m Running '/home/tester/Android/Sdk/platform-tools/adb -P 5037 -s 6H6LQGK7DE8HIBCU shell ime set io.appium.settings/.UnicodeIME'[info] [35m[UiAutomator2][39m Server package at '/tmp/.mount_AppiumcbWzJH/resources/app/node_modules/appium/node_modules/appium-uiautomator2-server/apks/appium-uiautomator2-server-v4.3.0.apk' is not writeable. Will copy it into the temporary location at '/tmp/202021-14248-1vstprl.i71b' as a workaround. Consider making this file writeable manually in order to improve the performance of session startup.
[info] [35m[UiAutomator2][39m Server package at '/tmp/.mount_AppiumcbWzJH/resources/app/node_modules/appium/node_modules/appium-uiautomator2-server/apks/appium-uiautomator2-server-debug-androidTest.apk' is not writeable. Will copy it into the temporary location at '/tmp/202021-14248-1vstprl.i71b' as a workaround. Consider making this file writeable manually in order to improve the performance of session startup.
[debug] [35m[ADB][39m Getting install status for io.appium.uiautomator2.server
[debug] [35m[ADB][39m Running '/home/tester/Android/Sdk/platform-tools/adb -P 5037 -s 6H6LQGK7DE8HIBCU shell dumpsys package io.appium.uiautomator2.server'[debug] [35m[ADB][39m 'io.appium.uiautomator2.server' is installed
[debug] [35m[ADB][39m Getting package info for 'io.appium.uiautomator2.server'
[debug] [35m[ADB][39m Running '/home/tester/Android/Sdk/platform-tools/adb -P 5037 -s 6H6LQGK7DE8HIBCU shell dumpsys package io.appium.uiautomator2.server'
[debug] [35m[ADB][39m Starting '/home/tester/Android/Sdk/tools/bin/apkanalyzer' with args ["manifest","print","/tmp/202021-14248-1vstprl.i71b/appium-uiautomator2-server-v4.3.0.apk"]
[info] [35m[ADB][39m Cannot extract apk info using apkanalyzer. Falling back to aapt. Original error: /bin/sh: 1: /home/tester/Android/Sdk/tools/bin/apkanalyzer: Permission denied
[info] [35m[ADB][39m 
[debug] [35m[ADB][39m The version name of the installed 'io.appium.uiautomator2.server' is greater or equal to the application version name ('4.3.0' >= '4.3.0')
[debug] [35m[UiAutomator2][39m io.appium.uiautomator2.server installation state: sameVersionInstalled
[debug] [35m[ADB][39m Checking app cert for /tmp/202021-14248-1vstprl.i71b/appium-uiautomator2-server-v4.3.0.apk
[info] [35m[ADB][39m Using 'apksigner' from '/home/tester/Android/Sdk/build-tools/29.0.3/apksigner'
[debug] [35m[ADB][39m Starting '/home/tester/Android/Sdk/build-tools/29.0.3/apksigner' with args '["verify","--print-certs","/tmp/202021-14248-1vstprl.i71b/appium-uiautomator2-server-v4.3.0.apk"]'[debug] [35m[ADB][39m apksigner stdout: Signer #1 certificate DN: EMAILADDRESS=android@android.com, CN=Android, OU=Android, O=Android, L=Mountain View, ST=California, C=US
[debug] [35m[ADB][39m Signer #1 certificate SHA-256 digest: a40da80a59d170caa950cf15c18c454d47a39b26989d8b640ecd745ba71bf5dc
[debug] [35m[ADB][39m Signer #1 certificate SHA-1 digest: 61ed377e85d386a8dfee6b864bd85b0bfaa5af81
[debug] [35m[ADB][39m Signer #1 certificate MD5 digest: e89b158e4bcf988ebd09eb83f5378e87
[debug] [35m[ADB][39m 
[debug] [35m[ADB][39m '/tmp/202021-14248-1vstprl.i71b/appium-uiautomator2-server-v4.3.0.apk' is already signed.
[debug] [35m[ADB][39m Getting install status for io.appium.uiautomator2.server.test
[debug] [35m[ADB][39m Running '/home/tester/Android/Sdk/platform-tools/adb -P 5037 -s 6H6LQGK7DE8HIBCU shell dumpsys package io.appium.uiautomator2.server.test'
[debug] [35m[ADB][39m 'io.appium.uiautomator2.server.test' is installed
[debug] [35m[ADB][39m Checking app cert for /tmp/202021-14248-1vstprl.i71b/appium-uiautomator2-server-debug-androidTest.apk
[debug] [35m[ADB][39m Starting '/home/tester/Android/Sdk/build-tools/29.0.3/apksigner' with args '["verify","--print-certs","/tmp/202021-14248-1vstprl.i71b/appium-uiautomator2-server-debug-androidTest.apk"]'[debug] [35m[ADB][39m apksigner stdout: Signer #1 certificate DN: CN=Android Debug, O=Android, C=US
[debug] [35m[ADB][39m Signer #1 certificate SHA-256 digest: 3e4f2ab66d641bbbd363421151755f8b12b66ea37a5db43c52116596b7392a8e
[debug] [35m[ADB][39m Signer #1 certificate SHA-1 digest: e24fc8971c0aad07d1df6cc62af7fb0d48b45b60
[debug] [35m[ADB][39m Signer #1 certificate MD5 digest: 5623d53469c7f7147b52ace9d09901eb
[debug] [35m[ADB][39m 
[debug] [35m[ADB][39m '/tmp/202021-14248-1vstprl.i71b/appium-uiautomator2-server-debug-androidTest.apk' is signed with non-default certificate
[info] [35m[ADB][39m Using 'zipalign' from '/home/tester/Android/Sdk/build-tools/29.0.3/zipalign'
[debug] [35m[ADB][39m /tmp/202021-14248-1vstprl.i71b/appium-uiautomator2-server-debug-androidTest.apk' is already zip-aligned. Doing nothing
[debug] [35m[ADB][39m Signing '/tmp/202021-14248-1vstprl.i71b/appium-uiautomator2-server-debug-androidTest.apk' with default cert
[debug] [35m[ADB][39m Starting '/home/tester/Android/Sdk/build-tools/29.0.3/apksigner' with args '["sign","--key","/tmp/.mount_AppiumcbWzJH/resources/app/node_modules/appium/node_modules/appium-adb/keys/testkey.pk8","--cert","/tmp/.mount_AppiumcbWzJH/resources/app/node_modules/appium/node_modules/appium-adb/keys/testkey.x509.pem","/tmp/202021-14248-1vstprl.i71b/appium-uiautomator2-server-debug-androidTest.apk"]'[info] [35m[UiAutomator2][39m Server packages are going to be (re)installed
[info] [35m[UiAutomator2][39m Full packages reinstall is going to be performed
[debug] [35m[ADB][39m Uninstalling io.appium.uiautomator2.server
[debug] [35m[ADB][39m Getting install status for io.appium.uiautomator2.server
[debug] [35m[ADB][39m Running '/home/tester/Android/Sdk/platform-tools/adb -P 5037 -s 6H6LQGK7DE8HIBCU shell dumpsys package io.appium.uiautomator2.server'[debug] [35m[ADB][39m 'io.appium.uiautomator2.server' is installed
[debug] [35m[ADB][39m Running '/home/tester/Android/Sdk/platform-tools/adb -P 5037 -s 6H6LQGK7DE8HIBCU shell am force-stop io.appium.uiautomator2.server'[debug] [35m[ADB][39m Running '/home/tester/Android/Sdk/platform-tools/adb -P 5037 -s 6H6LQGK7DE8HIBCU uninstall io.appium.uiautomator2.server'[debug] [35m[ADB][39m 'adb uninstall io.appium.uiautomator2.server' command output: Success
[info] [35m[ADB][39m io.appium.uiautomator2.server was successfully uninstalled
[debug] [35m[ADB][39m Running '/home/tester/Android/Sdk/platform-tools/adb -P 5037 -s 6H6LQGK7DE8HIBCU shell 'ls -t -1 /data/local/tmp/appium_cache 2>&1 || echo _ERROR_''
[debug] [35m[ADB][39m The count of applications in the cache: 4
[info] [35m[ADB][39m The application at '/tmp/202021-14248-1vstprl.i71b/appium-uiautomator2-server-v4.3.0.apk' is already cached to '/data/local/tmp/appium_cache/0cc1725a60a05dbb5d0d09256f2fc6ece7e3b10f.apk'
[debug] [35m[ADB][39m Running '/home/tester/Android/Sdk/platform-tools/adb -P 5037 -s 6H6LQGK7DE8HIBCU shell pm install -r /data/local/tmp/appium_cache/0cc1725a60a05dbb5d0d09256f2fc6ece7e3b10f.apk'[info] [35m[ADB][39m The installation of 'appium-uiautomator2-server-v4.3.0.apk' took 4.520s
[debug] [35m[ADB][39m Install command stdout: Success
[debug] [35m[ADB][39m Uninstalling io.appium.uiautomator2.server.test
[debug] [35m[ADB][39m Getting install status for io.appium.uiautomator2.server.test
[debug] [35m[ADB][39m Running '/home/tester/Android/Sdk/platform-tools/adb -P 5037 -s 6H6LQGK7DE8HIBCU shell dumpsys package io.appium.uiautomator2.server.test'
[debug] [35m[ADB][39m 'io.appium.uiautomator2.server.test' is installed
[debug] [35m[ADB][39m Running '/home/tester/Android/Sdk/platform-tools/adb -P 5037 -s 6H6LQGK7DE8HIBCU shell am force-stop io.appium.uiautomator2.server.test'[debug] [35m[ADB][39m Running '/home/tester/Android/Sdk/platform-tools/adb -P 5037 -s 6H6LQGK7DE8HIBCU uninstall io.appium.uiautomator2.server.test'[debug] [35m[ADB][39m 'adb uninstall io.appium.uiautomator2.server.test' command output: Success
[info] [35m[ADB][39m io.appium.uiautomator2.server.test was successfully uninstalled
[debug] [35m[ADB][39m Running '/home/tester/Android/Sdk/platform-tools/adb -P 5037 -s 6H6LQGK7DE8HIBCU shell 'ls -t -1 /data/local/tmp/appium_cache 2>&1 || echo _ERROR_''[debug] [35m[ADB][39m The count of applications in the cache: 4
[info] [35m[ADB][39m The application at '/tmp/202021-14248-1vstprl.i71b/appium-uiautomator2-server-debug-androidTest.apk' is already cached to '/data/local/tmp/appium_cache/cd247f042368990c9f33b2d7bf2390d8cf4f4e24.apk'
[debug] [35m[ADB][39m Running '/home/tester/Android/Sdk/platform-tools/adb -P 5037 -s 6H6LQGK7DE8HIBCU shell pm install -r /data/local/tmp/appium_cache/cd247f042368990c9f33b2d7bf2390d8cf4f4e24.apk'[info] [35m[ADB][39m The installation of 'appium-uiautomator2-server-debug-androidTest.apk' took 2.539s
[debug] [35m[ADB][39m Install command stdout: Success
[debug] [35m[UiAutomator2][39m Waiting up to 30000ms for services to be available
[debug] [35m[ADB][39m Running '/home/tester/Android/Sdk/platform-tools/adb -P 5037 -s 6H6LQGK7DE8HIBCU shell pm list instrumentation'[debug] [35m[UiAutomator2][39m Instrumentation target 'io.appium.uiautomator2.server.test/androidx.test.runner.AndroidJUnitRunner' is available
[debug] [35m[UiAutomator2][39m Forwarding UiAutomator2 Server port 6790 to 8200
[debug] [35m[ADB][39m Forwarding system: 8200 to device: 6790
[debug] [35m[ADB][39m Running '/home/tester/Android/Sdk/platform-tools/adb -P 5037 -s 6H6LQGK7DE8HIBCU forward tcp\:8200 tcp\:6790'
[debug] [35m[ADB][39m Checking app cert for /home/tester/Desktop/appium/appium/ContactManager.apk
[debug] [35m[ADB][39m Starting '/home/tester/Android/Sdk/build-tools/29.0.3/apksigner' with args '["verify","--print-certs","/home/tester/Desktop/appium/appium/ContactManager.apk"]'[debug] [35m[ADB][39m apksigner stdout: Signer #1 certificate DN: EMAILADDRESS=android@android.com, CN=Android, OU=Android, O=Android, L=Mountain View, ST=California, C=US
[debug] [35m[ADB][39m Signer #1 certificate SHA-256 digest: a40da80a59d170caa950cf15c18c454d47a39b26989d8b640ecd745ba71bf5dc
[debug] [35m[ADB][39m Signer #1 certificate SHA-1 digest: 61ed377e85d386a8dfee6b864bd85b0bfaa5af81
[debug] [35m[ADB][39m Signer #1 certificate MD5 digest: e89b158e4bcf988ebd09eb83f5378e87
[debug] [35m[ADB][39m 
[debug] [35m[ADB][39m '/home/tester/Desktop/appium/appium/ContactManager.apk' is already signed.
[debug] [35m[ADB][39m Getting install status for com.example.android.contactmanager
[debug] [35m[ADB][39m Running '/home/tester/Android/Sdk/platform-tools/adb -P 5037 -s 6H6LQGK7DE8HIBCU shell dumpsys package com.example.android.contactmanager'[debug] [35m[ADB][39m 'com.example.android.contactmanager' is installed
[debug] [35m[ADB][39m Getting package info for 'com.example.android.contactmanager'
[debug] [35m[ADB][39m Running '/home/tester/Android/Sdk/platform-tools/adb -P 5037 -s 6H6LQGK7DE8HIBCU shell dumpsys package com.example.android.contactmanager'
[debug] [35m[ADB][39m Starting '/home/tester/Android/Sdk/tools/bin/apkanalyzer' with args ["manifest","print","/home/tester/Desktop/appium/appium/ContactManager.apk"]
[info] [35m[ADB][39m Cannot extract apk info using apkanalyzer. Falling back to aapt. Original error: /bin/sh: 1: /home/tester/Android/Sdk/tools/bin/apkanalyzer: Permission denied
[info] [35m[ADB][39m 
[debug] [35m[ADB][39m The version name of the installed 'com.example.android.contactmanager' is greater or equal to the application version name ('1.0.0' >= '1.0.0')
[debug] [35m[ADB][39m There is no need to install/upgrade '/home/tester/Desktop/appium/appium/ContactManager.apk'
[info] [35m[AndroidDriver][39m Performing fast reset on 'com.example.android.contactmanager'
[debug] [35m[ADB][39m Getting install status for com.example.android.contactmanager
[debug] [35m[ADB][39m Running '/home/tester/Android/Sdk/platform-tools/adb -P 5037 -s 6H6LQGK7DE8HIBCU shell dumpsys package com.example.android.contactmanager'
[debug] [35m[ADB][39m 'com.example.android.contactmanager' is installed
[debug] [35m[ADB][39m Running '/home/tester/Android/Sdk/platform-tools/adb -P 5037 -s 6H6LQGK7DE8HIBCU shell am force-stop com.example.android.contactmanager'[debug] [35m[ADB][39m Running '/home/tester/Android/Sdk/platform-tools/adb -P 5037 -s 6H6LQGK7DE8HIBCU shell pm clear com.example.android.contactmanager'[debug] [35m[AndroidDriver][39m Performed fast reset on the installed 'com.example.android.contactmanager' application (stop and clear)
[debug] [35m[UiAutomator2][39m Performing shallow cleanup of automation leftovers[debug] [35m[UiAutomator2][39m No obsolete sessions have been detected (Error: socket hang up)
[debug] [35m[ADB][39m Running '/home/tester/Android/Sdk/platform-tools/adb -P 5037 -s 6H6LQGK7DE8HIBCU shell am force-stop io.appium.uiautomator2.server.test'[info] [35m[UiAutomator2][39m Starting UIAutomator2 server 4.3.0
[info] [35m[UiAutomator2][39m Using UIAutomator2 server from '/tmp/.mount_AppiumcbWzJH/resources/app/node_modules/appium/node_modules/appium-uiautomator2-server/apks/appium-uiautomator2-server-v4.3.0.apk' and test from '/tmp/.mount_AppiumcbWzJH/resources/app/node_modules/appium/node_modules/appium-uiautomator2-server/apks/appium-uiautomator2-server-debug-androidTest.apk'
[info] [35m[UiAutomator2][39m Waiting up to 30000ms for UiAutomator2 to be online...
[debug] [35m[ADB][39m Creating ADB subprocess with args: ["-P",5037,"-s","6H6LQGK7DE8HIBCU","shell","am","instrument","-w","io.appium.uiautomator2.server.test/androidx.test.runner.AndroidJUnitRunner"][debug] [35m[WD Proxy][39m Matched '/status' to command name 'getStatus'
[debug] [35m[WD Proxy][39m Proxying [GET /status] to [GET http://localhost:8200/wd/hub/status] with no body
[info] [35m[WD Proxy][39m Got an unexpected response with status undefined: {"code":"ECONNRESET"}[debug] [35m[Instrumentation][39m io.appium.uiautomator2.server.test.AppiumUiAutomator2Server:[debug] [35m[WD Proxy][39m Matched '/status' to command name 'getStatus'
[debug] [35m[WD Proxy][39m Proxying [GET /status] to [GET http://localhost:8200/wd/hub/status] with no body
[info] [35m[WD Proxy][39m Got an unexpected response with status undefined: {"code":"ECONNRESET"}[debug] [35m[WD Proxy][39m Matched '/status' to command name 'getStatus'
[debug] [35m[WD Proxy][39m Proxying [GET /status] to [GET http://localhost:8200/wd/hub/status] with no body[debug] [35m[WD Proxy][39m Got response with status 200: {"sessionId":"None","value":{"ready":true,"message":"UiAutomator2 Server is ready to accept commands"}}
[debug] [35m[UiAutomator2][39m The initialization of the instrumentation process took 3161ms
[debug] [35m[WD Proxy][39m Matched '/session' to command name 'createSession'
[debug] [35m[WD Proxy][39m Proxying [POST /session] to [POST http://localhost:8200/wd/hub/session] with body: {"capabilities":{"firstMatch":[{"platform":"LINUX","webStorageEnabled":false,"takesScreenshot":true,"javascriptEnabled":true,"databaseEnabled":false,"networkConnectionEnabled":true,"locationContextEnabled":false,"warnings":{},"desired":{"platformName":"Android","platfomVersion":"7.0","deviceName":"Gigaset GS170","app":"/home/tester/Desktop/appium/appium/ContactManager.apk","appPackage":"com.example.android.contactmanager","appActivity":"com.example.android.contactmanager.ContactManager","unicodeKeyboard":true,"resetKeyboard":true},"platformName":"Android","platfomVersion":"7.0","deviceName":"6H6LQGK7DE8HIBCU","app":"/home/tester/Desktop/appium/appium/ContactManager.apk","appPackage":"com.example.android.contactmanager","appActivity":"com.example.android.contactmanager.ContactManager","unicodeKeyboard":true,"resetKeyboard":true,"deviceUDID":"6H6LQGK7DE8HIBCU"}],"alwaysMatch":{}}}
[debug] [35m[WD Proxy][39m Got response with status 200: {"sessionId":"654826d9-6091-4eea-baf4-221f0de80471","value":{"sessionId":"654826d9-6091-4eea-baf4-221f0de80471","capabilities":{"firstMatch":[{"platform":"LINUX","webStorageEnabled":false,"takesScreenshot":true,"javascriptEnabled":true,"databaseEnabled":false,"networkConnectionEnabled":true,"locationContextEnabled":false,"warnings":{},"desired":{"platformName":"Android","platfomVersion":"7.0","deviceName":"Gigaset GS170","app":"/home/tester/Desktop/appium/appium/ContactManager.apk","appPackage":"com.example.android.contactmanager","appActivity":"com.example.android.contactmanager.ContactManager","unicodeKeyboard":true,"resetKeyboard":true},"platformName":"Android","platfomVersion":"7.0","deviceName":"6H6LQGK7DE8HIBCU","app":"/home/tester/Desktop/appium/appium/ContactManager.apk","appPackage":"com.example.android.contactmanager","appActivity":"com.example.android.contactmanager.ContactManager","unicodeKeyboard":true,"resetKeyboard":true,"deviceUDID":"6H6LQGK7DE8HIBCU"}],"alwaysMatch":{}}}}
[info] [35m[WD Proxy][39m Determined the downstream protocol as 'W3C'
[debug] [35m[WD Proxy][39m Proxying [GET /appium/device/info] to [GET http://localhost:8200/wd/hub/session/654826d9-6091-4eea-baf4-221f0de80471/appium/device/info] with no body
[debug] [35m[WD Proxy][39m Got response with status 200: {"sessionId":"654826d9-6091-4eea-baf4-221f0de80471","value":{"androidId":"8d083bbb4a36e0f","manufacturer":"Gigaset","model":"Gigaset GS170","brand":"Gigaset","apiVersion":"24","platformVersion":"7.0","carrierName":"","realDisplaySize":"720x1280","displayDensity":320,"networks":[{"type":1,"typeName":"WIFI","subtype":0,"subtypeName":"","isConnected":true,"detailedState":"CONNECTED","state":"CONNECTED","extraInfo":"\"WSB\"","isAvailable":true,"isFailover":false,"isRoaming":false,"capabilities":{"transportTypes":"NET_CAPABILITY_SUPL","networkCapabilities":"","linkUpstreamBandwidthKbps":1048576,"linkDownBandwidthKbps":1048576,"signalStrength":-57,"networkSpecifier":null,"SSID":null}}],"locale":"en_US","timeZone":"Europe\/Amsterdam"}}
[debug] [35m[ADB][39m Running '/home/tester/Android/Sdk/platform-tools/adb -P 5037 -s 6H6LQGK7DE8HIBCU shell dumpsys window'[info] [35m[AndroidDriver][39m Screen already unlocked, doing nothing
[info] [35m[UiAutomator2][39m Starting 'com.example.android.contactmanager/com.example.android.contactmanager.ContactManager and waiting for 'com.example.android.contactmanager/com.example.android.contactmanager.ContactManager'
[debug] [35m[ADB][39m Running '/home/tester/Android/Sdk/platform-tools/adb -P 5037 -s 6H6LQGK7DE8HIBCU shell am start -W -n com.example.android.contactmanager/com.example.android.contactmanager.ContactManager -S'[debug] [35m[WD Proxy][39m Proxying [GET /appium/device/pixel_ratio] to [GET http://localhost:8200/wd/hub/session/654826d9-6091-4eea-baf4-221f0de80471/appium/device/pixel_ratio] with body: {}
[debug] [35m[WD Proxy][39m Got response with status 200: {"sessionId":"654826d9-6091-4eea-baf4-221f0de80471","value":2}
[debug] [35m[WD Proxy][39m Matched '/appium/device/system_bars' to command name 'getSystemBars'
[debug] [35m[WD Proxy][39m Proxying [GET /appium/device/system_bars] to [GET http://localhost:8200/wd/hub/session/654826d9-6091-4eea-baf4-221f0de80471/appium/device/system_bars] with body: {}
[debug] [35m[WD Proxy][39m Got response with status 200: {"sessionId":"654826d9-6091-4eea-baf4-221f0de80471","value":{"statusBar":48}}
[debug] [35m[WD Proxy][39m Matched '/window/current/size' to command name 'getWindowSize'
[debug] [35m[WD Proxy][39m Proxying [GET /window/current/size] to [GET http://localhost:8200/wd/hub/session/654826d9-6091-4eea-baf4-221f0de80471/window/current/size] with body: {}
[debug] [35m[WD Proxy][39m Got response with status 200: {"sessionId":"654826d9-6091-4eea-baf4-221f0de80471","value":{"height":1184,"width":720}}
[info] [35m[Appium][39m New AndroidUiautomator2Driver session created successfully, session dc37012e-5d75-46a0-8ab3-4c4a1d39b20e added to master session list
[debug] [35m[BaseDriver][39m Event 'newSessionStarted' logged at 1583059843440 (11:50:43 GMT+0100 (CET))
[debug] [35m[W3C (dc37012e)][39m Cached the protocol value 'W3C' for the new session dc37012e-5d75-46a0-8ab3-4c4a1d39b20e
[debug] [35m[W3C (dc37012e)][39m Responding to client with driver.createSession() result: {"capabilities":{"platform":"LINUX","webStorageEnabled":false,"takesScreenshot":true,"javascriptEnabled":true,"databaseEnabled":false,"networkConnectionEnabled":true,"locationContextEnabled":false,"warnings":{},"desired":{"platformName":"Android","platfomVersion":"7.0","deviceName":"Gigaset GS170","app":"/home/tester/Desktop/appium/appium/ContactManager.apk","appPackage":"com.example.android.contactmanager","appActivity":"com.example.android.contactmanager.ContactManager","unicodeKeyboard":true,"resetKeyboard":true},"platformName":"Android","platfomVersion":"7.0","deviceName":"6H6LQGK7DE8HIBCU","app":"/home/tester/Desktop/appium/appium/ContactManager.apk","appPackage":"com.example.android.contactmanager","appActivity":"com.example.android.contactmanager.ContactManager","unicodeKeyboard":true,"resetKeyboard":true,"deviceUDID":"6H6LQGK7DE8HIBCU","deviceApiLevel":24,"platformVersion":"7.0","deviceScreenSize":"720x1280","deviceScreenDensity":320,"deviceModel":"Gigaset GS170","deviceManufacturer":"Gigaset","pix...
[info] [35m[HTTP][39m [37m<-- POST /wd/hub/session [39m[32m200[39m [90m27368 ms - 1174[39m
[info] [35m[HTTP][39m [90m[39m
[info] [35m[HTTP][39m [37m-->[39m [37mPOST[39m [37m/wd/hub/session/dc37012e-5d75-46a0-8ab3-4c4a1d39b20e/timeouts[39m
[info] [35m[HTTP][39m [90m{"implicit":10000}[39m
[debug] [35m[W3C (dc37012e)][39m Calling AppiumDriver.timeouts() with args: [null,null,null,null,10000,"dc37012e-5d75-46a0-8ab3-4c4a1d39b20e"]
[debug] [35m[BaseDriver][39m W3C timeout argument: {"implicit":10000}}
[debug] [35m[BaseDriver][39m Set implicit wait to 10000ms
[debug] [35m[W3C (dc37012e)][39m Responding to client with driver.timeouts() result: null
[info] [35m[HTTP][39m [37m<-- POST /wd/hub/session/dc37012e-5d75-46a0-8ab3-4c4a1d39b20e/timeouts [39m[32m200[39m [90m8 ms - 14[39m
[info] [35m[HTTP][39m [90m[39m
[info] [35m[HTTP][39m [37m-->[39m [37mPOST[39m [37m/wd/hub/session/dc37012e-5d75-46a0-8ab3-4c4a1d39b20e/element[39m
[info] [35m[HTTP][39m [90m{"using":"id","value":"com.example.android.contactmanager:id/addContactButton"}[39m
[debug] [35m[W3C (dc37012e)][39m Calling AppiumDriver.findElement() with args: ["id","com.example.android.contactmanager:id/addContactButton","dc37012e-5d75-46a0-8ab3-4c4a1d39b20e"]
[debug] [35m[BaseDriver][39m Valid locator strategies for this request: xpath, id, class name, accessibility id, -android uiautomator
[debug] [35m[BaseDriver][39m Waiting up to 10000 ms for condition
[debug] [35m[WD Proxy][39m Matched '/element' to command name 'findElement'
[debug] [35m[WD Proxy][39m Proxying [POST /element] to [POST http://localhost:8200/wd/hub/session/654826d9-6091-4eea-baf4-221f0de80471/element] with body: {"strategy":"id","selector":"com.example.android.contactmanager:id/addContactButton","context":"","multiple":false}[debug] [35m[WD Proxy][39m Got response with status 200: {"sessionId":"654826d9-6091-4eea-baf4-221f0de80471","value":{"ELEMENT":"75b22f92-986e-4d37-9811-87f7843f25bd","element-6066-11e4-a52e-4f735466cecf":"75b22f92-986e-4d37-9811-87f7843f25bd"}}
[debug] [35m[W3C (dc37012e)][39m Responding to client with driver.findElement() result: {"element-6066-11e4-a52e-4f735466cecf":"75b22f92-986e-4d37-9811-87f7843f25bd","ELEMENT":"75b22f92-986e-4d37-9811-87f7843f25bd"}
[info] [35m[HTTP][39m [37m<-- POST /wd/hub/session/dc37012e-5d75-46a0-8ab3-4c4a1d39b20e/element [39m[32m200[39m [90m948 ms - 137[39m
[info] [35m[HTTP][39m [90m[39m
[info] [35m[HTTP][39m [37m-->[39m [37mPOST[39m [37m/wd/hub/session/dc37012e-5d75-46a0-8ab3-4c4a1d39b20e/element/75b22f92-986e-4d37-9811-87f7843f25bd/click[39m
[info] [35m[HTTP][39m [90m{"id":"75b22f92-986e-4d37-9811-87f7843f25bd"}[39m
[debug] [35m[W3C (dc37012e)][39m Calling AppiumDriver.click() with args: ["75b22f92-986e-4d37-9811-87f7843f25bd","dc37012e-5d75-46a0-8ab3-4c4a1d39b20e"]
[debug] [35m[WD Proxy][39m Matched '/element/75b22f92-986e-4d37-9811-87f7843f25bd/click' to command name 'click'
[debug] [35m[WD Proxy][39m Proxying [POST /element/75b22f92-986e-4d37-9811-87f7843f25bd/click] to [POST http://localhost:8200/wd/hub/session/654826d9-6091-4eea-baf4-221f0de80471/element/75b22f92-986e-4d37-9811-87f7843f25bd/click] with body: {"element":"75b22f92-986e-4d37-9811-87f7843f25bd"}
[debug] [35m[WD Proxy][39m Got response with status 200: {"sessionId":"654826d9-6091-4eea-baf4-221f0de80471","value":null}
[debug] [35m[W3C (dc37012e)][39m Responding to client with driver.click() result: null
[info] [35m[HTTP][39m [37m<-- POST /wd/hub/session/dc37012e-5d75-46a0-8ab3-4c4a1d39b20e/element/75b22f92-986e-4d37-9811-87f7843f25bd/click [39m[32m200[39m [90m122 ms - 14[39m
[info] [35m[HTTP][39m [90m[39m[info] [35m[HTTP][39m [37m-->[39m [37mPOST[39m [37m/wd/hub/session/dc37012e-5d75-46a0-8ab3-4c4a1d39b20e/element[39m
[info] [35m[HTTP][39m [90m{"using":"id","value":"com.example.android.contactmanager:id/contactNameEditText"}[39m
[debug] [35m[W3C (dc37012e)][39m Calling AppiumDriver.findElement() with args: ["id","com.example.android.contactmanager:id/contactNameEditText","dc37012e-5d75-46a0-8ab3-4c4a1d39b20e"]
[debug] [35m[BaseDriver][39m Valid locator strategies for this request: xpath, id, class name, accessibility id, -android uiautomator
[debug] [35m[BaseDriver][39m Waiting up to 10000 ms for condition
[debug] [35m[WD Proxy][39m Matched '/element' to command name 'findElement'
[debug] [35m[WD Proxy][39m Proxying [POST /element] to [POST http://localhost:8200/wd/hub/session/654826d9-6091-4eea-baf4-221f0de80471/element] with body: {"strategy":"id","selector":"com.example.android.contactmanager:id/contactNameEditText","context":"","multiple":false}[debug] [35m[WD Proxy][39m Got response with status 200: {"sessionId":"654826d9-6091-4eea-baf4-221f0de80471","value":{"ELEMENT":"c82e1ddf-b946-4dcc-b531-2d435b7f066d","element-6066-11e4-a52e-4f735466cecf":"c82e1ddf-b946-4dcc-b531-2d435b7f066d"}}
[debug] [35m[W3C (dc37012e)][39m Responding to client with driver.findElement() result: {"element-6066-11e4-a52e-4f735466cecf":"c82e1ddf-b946-4dcc-b531-2d435b7f066d","ELEMENT":"c82e1ddf-b946-4dcc-b531-2d435b7f066d"}
[info] [35m[HTTP][39m [37m<-- POST /wd/hub/session/dc37012e-5d75-46a0-8ab3-4c4a1d39b20e/element [39m[32m200[39m [90m271 ms - 137[39m
[info] [35m[HTTP][39m [90m[39m
[info] [35m[HTTP][39m [37m-->[39m [37mPOST[39m [37m/wd/hub/session/dc37012e-5d75-46a0-8ab3-4c4a1d39b20e/element/c82e1ddf-b946-4dcc-b531-2d435b7f066d/value[39m
[info] [35m[HTTP][39m [90m{"text":"test name","value":["t","e","s","t"," ","n","a","m","e"],"id":"c82e1ddf-b946-4dcc-b531-2d435b7f066d"}[39m
[debug] [35m[W3C (dc37012e)][39m Calling AppiumDriver.setValue() with args: [["t","e","s","t"," ","n","a","m","e"],"c82e1ddf-b946-4dcc-b531-2d435b7f066d","dc37012e-5d75-46a0-8ab3-4c4a1d39b20e"]
[debug] [35m[WD Proxy][39m Matched '/element/c82e1ddf-b946-4dcc-b531-2d435b7f066d/value' to command name 'setValue'
[debug] [35m[Protocol Converter][39m Added 'value' property ["t","e","s","t"," ","n","a","m","e"] to 'setValue' request body
[debug] [35m[WD Proxy][39m Proxying [POST /element/c82e1ddf-b946-4dcc-b531-2d435b7f066d/value] to [POST http://localhost:8200/wd/hub/session/654826d9-6091-4eea-baf4-221f0de80471/element/c82e1ddf-b946-4dcc-b531-2d435b7f066d/value] with body: {"elementId":"c82e1ddf-b946-4dcc-b531-2d435b7f066d","text":"test name","replace":false,"unicodeKeyboard":true,"value":["t","e","s","t"," ","n","a","m","e"]}
[debug] [35m[WD Proxy][39m Got response with status 200: {"sessionId":"654826d9-6091-4eea-baf4-221f0de80471","value":null}
[debug] [35m[W3C (dc37012e)][39m Responding to client with driver.setValue() result: null
[info] [35m[HTTP][39m [37m<-- POST /wd/hub/session/dc37012e-5d75-46a0-8ab3-4c4a1d39b20e/element/c82e1ddf-b946-4dcc-b531-2d435b7f066d/value [39m[32m200[39m [90m150 ms - 14[39m
[info] [35m[HTTP][39m [90m[39m
[info] [35m[HTTP][39m [37m-->[39m [37mPOST[39m [37m/wd/hub/session/dc37012e-5d75-46a0-8ab3-4c4a1d39b20e/element[39m
[info] [35m[HTTP][39m [90m{"using":"id","value":"com.example.android.contactmanager:id/contactPhoneEditText"}[39m
[debug] [35m[W3C (dc37012e)][39m Calling AppiumDriver.findElement() with args: ["id","com.example.android.contactmanager:id/contactPhoneEditText","dc37012e-5d75-46a0-8ab3-4c4a1d39b20e"]
[debug] [35m[BaseDriver][39m Valid locator strategies for this request: xpath, id, class name, accessibility id, -android uiautomator
[debug] [35m[BaseDriver][39m Waiting up to 10000 ms for condition
[debug] [35m[WD Proxy][39m Matched '/element' to command name 'findElement'
[debug] [35m[WD Proxy][39m Proxying [POST /element] to [POST http://localhost:8200/wd/hub/session/654826d9-6091-4eea-baf4-221f0de80471/element] with body: {"strategy":"id","selector":"com.example.android.contactmanager:id/contactPhoneEditText","context":"","multiple":false}[debug] [35m[WD Proxy][39m Got response with status 200: {"sessionId":"654826d9-6091-4eea-baf4-221f0de80471","value":{"ELEMENT":"61cebaa5-ced4-4c72-9e3e-52e068ef7431","element-6066-11e4-a52e-4f735466cecf":"61cebaa5-ced4-4c72-9e3e-52e068ef7431"}}
[debug] [35m[W3C (dc37012e)][39m Responding to client with driver.findElement() result: {"element-6066-11e4-a52e-4f735466cecf":"61cebaa5-ced4-4c72-9e3e-52e068ef7431","ELEMENT":"61cebaa5-ced4-4c72-9e3e-52e068ef7431"}
[info] [35m[HTTP][39m [37m<-- POST /wd/hub/session/dc37012e-5d75-46a0-8ab3-4c4a1d39b20e/element [39m[32m200[39m [90m684 ms - 137[39m
[info] [35m[HTTP][39m [90m[39m
[info] [35m[HTTP][39m [37m-->[39m [37mPOST[39m [37m/wd/hub/session/dc37012e-5d75-46a0-8ab3-4c4a1d39b20e/element/61cebaa5-ced4-4c72-9e3e-52e068ef7431/value[39m
[info] [35m[HTTP][39m [90m{"text":"123555777","value":["1","2","3","5","5","5","7","7","7"],"id":"61cebaa5-ced4-4c72-9e3e-52e068ef7431"}[39m
[debug] [35m[W3C (dc37012e)][39m Calling AppiumDriver.setValue() with args: [["1","2","3","5","5","5","7","7","7"],"61cebaa5-ced4-4c72-9e3e-52e068ef7431","dc37012e-5d75-46a0-8ab3-4c4a1d39b20e"]
[debug] [35m[WD Proxy][39m Matched '/element/61cebaa5-ced4-4c72-9e3e-52e068ef7431/value' to command name 'setValue'
[debug] [35m[Protocol Converter][39m Added 'value' property ["1","2","3","5","5","5","7","7","7"] to 'setValue' request body
[debug] [35m[WD Proxy][39m Proxying [POST /element/61cebaa5-ced4-4c72-9e3e-52e068ef7431/value] to [POST http://localhost:8200/wd/hub/session/654826d9-6091-4eea-baf4-221f0de80471/element/61cebaa5-ced4-4c72-9e3e-52e068ef7431/value] with body: {"elementId":"61cebaa5-ced4-4c72-9e3e-52e068ef7431","text":"123555777","replace":false,"unicodeKeyboard":true,"value":["1","2","3","5","5","5","7","7","7"]}
[debug] [35m[WD Proxy][39m Got response with status 200: {"sessionId":"654826d9-6091-4eea-baf4-221f0de80471","value":null}
[debug] [35m[W3C (dc37012e)][39m Responding to client with driver.setValue() result: null
[info] [35m[HTTP][39m [37m<-- POST /wd/hub/session/dc37012e-5d75-46a0-8ab3-4c4a1d39b20e/element/61cebaa5-ced4-4c72-9e3e-52e068ef7431/value [39m[32m200[39m [90m91 ms - 14[39m
[info] [35m[HTTP][39m [90m[39m
[info] [35m[HTTP][39m [37m-->[39m [37mPOST[39m [37m/wd/hub/session/dc37012e-5d75-46a0-8ab3-4c4a1d39b20e/element[39m
[info] [35m[HTTP][39m [90m{"using":"id","value":"com.example.android.contactmanager:id/contactEmailEditText"}[39m
[debug] [35m[W3C (dc37012e)][39m Calling AppiumDriver.findElement() with args: ["id","com.example.android.contactmanager:id/contactEmailEditText","dc37012e-5d75-46a0-8ab3-4c4a1d39b20e"]
[debug] [35m[BaseDriver][39m Valid locator strategies for this request: xpath, id, class name, accessibility id, -android uiautomator
[debug] [35m[BaseDriver][39m Waiting up to 10000 ms for condition
[debug] [35m[WD Proxy][39m Matched '/element' to command name 'findElement'
[debug] [35m[WD Proxy][39m Proxying [POST /element] to [POST http://localhost:8200/wd/hub/session/654826d9-6091-4eea-baf4-221f0de80471/element] with body: {"strategy":"id","selector":"com.example.android.contactmanager:id/contactEmailEditText","context":"","multiple":false}[debug] [35m[WD Proxy][39m Got response with status 200: {"sessionId":"654826d9-6091-4eea-baf4-221f0de80471","value":{"ELEMENT":"7ea98e84-fc7b-4d62-9207-aded1c358124","element-6066-11e4-a52e-4f735466cecf":"7ea98e84-fc7b-4d62-9207-aded1c358124"}}
[debug] [35m[W3C (dc37012e)][39m Responding to client with driver.findElement() result: {"element-6066-11e4-a52e-4f735466cecf":"7ea98e84-fc7b-4d62-9207-aded1c358124","ELEMENT":"7ea98e84-fc7b-4d62-9207-aded1c358124"}
[info] [35m[HTTP][39m [37m<-- POST /wd/hub/session/dc37012e-5d75-46a0-8ab3-4c4a1d39b20e/element [39m[32m200[39m [90m626 ms - 137[39m
[info] [35m[HTTP][39m [90m[39m
[info] [35m[HTTP][39m [37m-->[39m [37mPOST[39m [37m/wd/hub/session/dc37012e-5d75-46a0-8ab3-4c4a1d39b20e/element/7ea98e84-fc7b-4d62-9207-aded1c358124/value[39m
[info] [35m[HTTP][39m [90m{"text":"test@mail.com","value":["t","e","s","t","@","m","a","i","l",".","c","o","m"],"id":"7ea98e84-fc7b-4d62-9207-aded1c358124"}[39m
[debug] [35m[W3C (dc37012e)][39m Calling AppiumDriver.setValue() with args: [["t","e","s","t","@","m","a","i","l",".","c","o","m"],"7ea98e84-fc7b-4d62-9207-aded1c358124","dc37012e-5d75-46a0-8ab3-4c4a1d39b20e"]
[debug] [35m[WD Proxy][39m Matched '/element/7ea98e84-fc7b-4d62-9207-aded1c358124/value' to command name 'setValue'
[debug] [35m[Protocol Converter][39m Added 'value' property ["t","e","s","t","@","m","a","i","l",".","c","o","m"] to 'setValue' request body
[debug] [35m[WD Proxy][39m Proxying [POST /element/7ea98e84-fc7b-4d62-9207-aded1c358124/value] to [POST http://localhost:8200/wd/hub/session/654826d9-6091-4eea-baf4-221f0de80471/element/7ea98e84-fc7b-4d62-9207-aded1c358124/value] with body: {"elementId":"7ea98e84-fc7b-4d62-9207-aded1c358124","text":"test@mail.com","replace":false,"unicodeKeyboard":true,"value":["t","e","s","t","@","m","a","i","l",".","c","o","m"]}
[debug] [35m[WD Proxy][39m Got response with status 200: {"sessionId":"654826d9-6091-4eea-baf4-221f0de80471","value":null}
[debug] [35m[W3C (dc37012e)][39m Responding to client with driver.setValue() result: null
[info] [35m[HTTP][39m [37m<-- POST /wd/hub/session/dc37012e-5d75-46a0-8ab3-4c4a1d39b20e/element/7ea98e84-fc7b-4d62-9207-aded1c358124/value [39m[32m200[39m [90m81 ms - 14[39m
[info] [35m[HTTP][39m [90m[39m
[info] [35m[HTTP][39m [37m-->[39m [37mGET[39m [37m/wd/hub/session/dc37012e-5d75-46a0-8ab3-4c4a1d39b20e/element/c82e1ddf-b946-4dcc-b531-2d435b7f066d/text[39m
[info] [35m[HTTP][39m [90m{}[39m
[info] [35m[W3C (dc37012e)][39m Driver proxy active, passing request on via HTTP proxy
[debug] [35m[WD Proxy][39m Matched '/wd/hub/session/dc37012e-5d75-46a0-8ab3-4c4a1d39b20e/element/c82e1ddf-b946-4dcc-b531-2d435b7f066d/text' to command name 'getText'
[debug] [35m[WD Proxy][39m Proxying [GET /wd/hub/session/dc37012e-5d75-46a0-8ab3-4c4a1d39b20e/element/c82e1ddf-b946-4dcc-b531-2d435b7f066d/text] to [GET http://localhost:8200/wd/hub/session/654826d9-6091-4eea-baf4-221f0de80471/element/c82e1ddf-b946-4dcc-b531-2d435b7f066d/text] with body: {}[debug] [35m[WD Proxy][39m Got response with status 200: {"sessionId":"654826d9-6091-4eea-baf4-221f0de80471","value":"test name"}
[info] [35m[WD Proxy][39m Replacing sessionId 654826d9-6091-4eea-baf4-221f0de80471 with dc37012e-5d75-46a0-8ab3-4c4a1d39b20e
[info] [35m[HTTP][39m [37m<-- GET /wd/hub/session/dc37012e-5d75-46a0-8ab3-4c4a1d39b20e/element/c82e1ddf-b946-4dcc-b531-2d435b7f066d/text [39m[32m200[39m [90m641 ms - 72[39m
[info] [35m[HTTP][39m [90m[39m
[info] [35m[HTTP][39m [37m-->[39m [37mGET[39m [37m/wd/hub/session/dc37012e-5d75-46a0-8ab3-4c4a1d39b20e/element/61cebaa5-ced4-4c72-9e3e-52e068ef7431/text[39m
[info] [35m[HTTP][39m [90m{}[39m
[info] [35m[W3C (dc37012e)][39m Driver proxy active, passing request on via HTTP proxy
[debug] [35m[WD Proxy][39m Matched '/wd/hub/session/dc37012e-5d75-46a0-8ab3-4c4a1d39b20e/element/61cebaa5-ced4-4c72-9e3e-52e068ef7431/text' to command name 'getText'
[debug] [35m[WD Proxy][39m Proxying [GET /wd/hub/session/dc37012e-5d75-46a0-8ab3-4c4a1d39b20e/element/61cebaa5-ced4-4c72-9e3e-52e068ef7431/text] to [GET http://localhost:8200/wd/hub/session/654826d9-6091-4eea-baf4-221f0de80471/element/61cebaa5-ced4-4c72-9e3e-52e068ef7431/text] with body: {}
[debug] [35m[WD Proxy][39m Got response with status 200: {"sessionId":"654826d9-6091-4eea-baf4-221f0de80471","value":"123555777"}
[info] [35m[WD Proxy][39m Replacing sessionId 654826d9-6091-4eea-baf4-221f0de80471 with dc37012e-5d75-46a0-8ab3-4c4a1d39b20e
[info] [35m[HTTP][39m [37m<-- GET /wd/hub/session/dc37012e-5d75-46a0-8ab3-4c4a1d39b20e/element/61cebaa5-ced4-4c72-9e3e-52e068ef7431/text [39m[32m200[39m [90m49 ms - 72[39m
[info] [35m[HTTP][39m [90m[39m
[info] [35m[HTTP][39m [37m-->[39m [37mGET[39m [37m/wd/hub/session/dc37012e-5d75-46a0-8ab3-4c4a1d39b20e/element/7ea98e84-fc7b-4d62-9207-aded1c358124/text[39m
[info] [35m[HTTP][39m [90m{}[39m
[info] [35m[W3C (dc37012e)][39m Driver proxy active, passing request on via HTTP proxy
[debug] [35m[WD Proxy][39m Matched '/wd/hub/session/dc37012e-5d75-46a0-8ab3-4c4a1d39b20e/element/7ea98e84-fc7b-4d62-9207-aded1c358124/text' to command name 'getText'
[debug] [35m[WD Proxy][39m Proxying [GET /wd/hub/session/dc37012e-5d75-46a0-8ab3-4c4a1d39b20e/element/7ea98e84-fc7b-4d62-9207-aded1c358124/text] to [GET http://localhost:8200/wd/hub/session/654826d9-6091-4eea-baf4-221f0de80471/element/7ea98e84-fc7b-4d62-9207-aded1c358124/text] with body: {}
[debug] [35m[WD Proxy][39m Got response with status 200: {"sessionId":"654826d9-6091-4eea-baf4-221f0de80471","value":"test@mail.com"}
[info] [35m[WD Proxy][39m Replacing sessionId 654826d9-6091-4eea-baf4-221f0de80471 with dc37012e-5d75-46a0-8ab3-4c4a1d39b20e
[info] [35m[HTTP][39m [37m<-- GET /wd/hub/session/dc37012e-5d75-46a0-8ab3-4c4a1d39b20e/element/7ea98e84-fc7b-4d62-9207-aded1c358124/text [39m[32m200[39m [90m31 ms - 76[39m
[info] [35m[HTTP][39m [90m[39m
[info] [35m[HTTP][39m [37m-->[39m [37mPOST[39m [37m/wd/hub/session/dc37012e-5d75-46a0-8ab3-4c4a1d39b20e/element[39m
[info] [35m[HTTP][39m [90m{"using":"id","value":"com.example.android.contactmanager:id/contactSaveButton"}[39m
[debug] [35m[W3C (dc37012e)][39m Calling AppiumDriver.findElement() with args: ["id","com.example.android.contactmanager:id/contactSaveButton","dc37012e-5d75-46a0-8ab3-4c4a1d39b20e"]
[debug] [35m[BaseDriver][39m Valid locator strategies for this request: xpath, id, class name, accessibility id, -android uiautomator
[debug] [35m[BaseDriver][39m Waiting up to 10000 ms for condition
[debug] [35m[WD Proxy][39m Matched '/element' to command name 'findElement'
[debug] [35m[WD Proxy][39m Proxying [POST /element] to [POST http://localhost:8200/wd/hub/session/654826d9-6091-4eea-baf4-221f0de80471/element] with body: {"strategy":"id","selector":"com.example.android.contactmanager:id/contactSaveButton","context":"","multiple":false}
[debug] [35m[WD Proxy][39m Got response with status 200: {"sessionId":"654826d9-6091-4eea-baf4-221f0de80471","value":{"ELEMENT":"f8d634ea-73d3-4f6b-ad01-7db42c511623","element-6066-11e4-a52e-4f735466cecf":"f8d634ea-73d3-4f6b-ad01-7db42c511623"}}
[debug] [35m[W3C (dc37012e)][39m Responding to client with driver.findElement() result: {"element-6066-11e4-a52e-4f735466cecf":"f8d634ea-73d3-4f6b-ad01-7db42c511623","ELEMENT":"f8d634ea-73d3-4f6b-ad01-7db42c511623"}
[info] [35m[HTTP][39m [37m<-- POST /wd/hub/session/dc37012e-5d75-46a0-8ab3-4c4a1d39b20e/element [39m[32m200[39m [90m52 ms - 137[39m
[info] [35m[HTTP][39m [90m[39m
[info] [35m[HTTP][39m [37m-->[39m [37mPOST[39m [37m/wd/hub/session/dc37012e-5d75-46a0-8ab3-4c4a1d39b20e/element/f8d634ea-73d3-4f6b-ad01-7db42c511623/click[39m
[info] [35m[HTTP][39m [90m{"id":"f8d634ea-73d3-4f6b-ad01-7db42c511623"}[39m
[debug] [35m[W3C (dc37012e)][39m Calling AppiumDriver.click() with args: ["f8d634ea-73d3-4f6b-ad01-7db42c511623","dc37012e-5d75-46a0-8ab3-4c4a1d39b20e"]
[debug] [35m[WD Proxy][39m Matched '/element/f8d634ea-73d3-4f6b-ad01-7db42c511623/click' to command name 'click'
[debug] [35m[WD Proxy][39m Proxying [POST /element/f8d634ea-73d3-4f6b-ad01-7db42c511623/click] to [POST http://localhost:8200/wd/hub/session/654826d9-6091-4eea-baf4-221f0de80471/element/f8d634ea-73d3-4f6b-ad01-7db42c511623/click] with body: {"element":"f8d634ea-73d3-4f6b-ad01-7db42c511623"}[info] [35m[HTTP][39m [37m-->[39m [37mPOST[39m [37m/wd/hub/session/dc37012e-5d75-46a0-8ab3-4c4a1d39b20e/element[39m
[info] [35m[HTTP][39m [90m{"using":"id","value":"android:id/alertTitle"}[39m
[debug] [35m[W3C (dc37012e)][39m Calling AppiumDriver.findElement() with args: ["id","android:id/alertTitle","dc37012e-5d75-46a0-8ab3-4c4a1d39b20e"]
[debug] [35m[BaseDriver][39m Valid locator strategies for this request: xpath, id, class name, accessibility id, -android uiautomator
[debug] [35m[BaseDriver][39m Waiting up to 10000 ms for condition
[debug] [35m[WD Proxy][39m Matched '/element' to command name 'findElement'
[debug] [35m[WD Proxy][39m Proxying [POST /element] to [POST http://localhost:8200/wd/hub/session/654826d9-6091-4eea-baf4-221f0de80471/element] with body: {"strategy":"id","selector":"android:id/alertTitle","context":"","multiple":false}[debug] [35m[WD Proxy][39m Got response with status 200: {"sessionId":"654826d9-6091-4eea-baf4-221f0de80471","value":{"ELEMENT":"cd462455-f9d9-40cb-945e-4a8fa1e96f09","element-6066-11e4-a52e-4f735466cecf":"cd462455-f9d9-40cb-945e-4a8fa1e96f09"}}
[debug] [35m[W3C (dc37012e)][39m Responding to client with driver.findElement() result: {"element-6066-11e4-a52e-4f735466cecf":"cd462455-f9d9-40cb-945e-4a8fa1e96f09","ELEMENT":"cd462455-f9d9-40cb-945e-4a8fa1e96f09"}
[info] [35m[HTTP][39m [37m<-- POST /wd/hub/session/dc37012e-5d75-46a0-8ab3-4c4a1d39b20e/element [39m[32m200[39m [90m5344 ms - 137[39m
[info] [35m[HTTP][39m [90m[39m
[info] [35m[HTTP][39m [37m-->[39m [37mPOST[39m [37m/wd/hub/session/dc37012e-5d75-46a0-8ab3-4c4a1d39b20e/element[39m
[info] [35m[HTTP][39m [90m{"using":"id","value":"android:id/alertTitle"}[39m
[debug] [35m[W3C (dc37012e)][39m Calling AppiumDriver.findElement() with args: ["id","android:id/alertTitle","dc37012e-5d75-46a0-8ab3-4c4a1d39b20e"]
[debug] [35m[BaseDriver][39m Valid locator strategies for this request: xpath, id, class name, accessibility id, -android uiautomator
[debug] [35m[BaseDriver][39m Waiting up to 10000 ms for condition
[debug] [35m[WD Proxy][39m Matched '/element' to command name 'findElement'
[debug] [35m[WD Proxy][39m Proxying [POST /element] to [POST http://localhost:8200/wd/hub/session/654826d9-6091-4eea-baf4-221f0de80471/element] with body: {"strategy":"id","selector":"android:id/alertTitle","context":"","multiple":false}
[debug] [35m[WD Proxy][39m Got response with status 200: {"sessionId":"654826d9-6091-4eea-baf4-221f0de80471","value":{"ELEMENT":"7b1fb65e-fecd-4c34-a2fb-d5e97b2947f2","element-6066-11e4-a52e-4f735466cecf":"7b1fb65e-fecd-4c34-a2fb-d5e97b2947f2"}}
[debug] [35m[W3C (dc37012e)][39m Responding to client with driver.findElement() result: {"element-6066-11e4-a52e-4f735466cecf":"7b1fb65e-fecd-4c34-a2fb-d5e97b2947f2","ELEMENT":"7b1fb65e-fecd-4c34-a2fb-d5e97b2947f2"}
[info] [35m[HTTP][39m [37m<-- POST /wd/hub/session/dc37012e-5d75-46a0-8ab3-4c4a1d39b20e/element [39m[32m200[39m [90m75 ms - 137[39m
[info] [35m[HTTP][39m [90m[39m
[info] [35m[HTTP][39m [37m-->[39m [37mGET[39m [37m/wd/hub/session/dc37012e-5d75-46a0-8ab3-4c4a1d39b20e/element/7b1fb65e-fecd-4c34-a2fb-d5e97b2947f2/text[39m
[info] [35m[HTTP][39m [90m{}[39m
[info] [35m[W3C (dc37012e)][39m Driver proxy active, passing request on via HTTP proxy
[debug] [35m[WD Proxy][39m Matched '/wd/hub/session/dc37012e-5d75-46a0-8ab3-4c4a1d39b20e/element/7b1fb65e-fecd-4c34-a2fb-d5e97b2947f2/text' to command name 'getText'
[debug] [35m[WD Proxy][39m Proxying [GET /wd/hub/session/dc37012e-5d75-46a0-8ab3-4c4a1d39b20e/element/7b1fb65e-fecd-4c34-a2fb-d5e97b2947f2/text] to [GET http://localhost:8200/wd/hub/session/654826d9-6091-4eea-baf4-221f0de80471/element/7b1fb65e-fecd-4c34-a2fb-d5e97b2947f2/text] with body: {}
[debug] [35m[WD Proxy][39m Got response with status 200: {"sessionId":"654826d9-6091-4eea-baf4-221f0de80471","value":"Contact Manager has stopped"}
[info] [35m[WD Proxy][39m Replacing sessionId 654826d9-6091-4eea-baf4-221f0de80471 with dc37012e-5d75-46a0-8ab3-4c4a1d39b20e
[info] [35m[HTTP][39m [37m<-- GET /wd/hub/session/dc37012e-5d75-46a0-8ab3-4c4a1d39b20e/element/7b1fb65e-fecd-4c34-a2fb-d5e97b2947f2/text [39m[32m200[39m [90m56 ms - 90[39m
[info] [35m[HTTP][39m [90m[39m
[info] [35m[HTTP][39m [37m-->[39m [37mPOST[39m [37m/wd/hub/session/dc37012e-5d75-46a0-8ab3-4c4a1d39b20e/element[39m
[info] [35m[HTTP][39m [90m{"using":"id","value":"android:id/aerr_restart"}[39m
[debug] [35m[W3C (dc37012e)][39m Calling AppiumDriver.findElement() with args: ["id","android:id/aerr_restart","dc37012e-5d75-46a0-8ab3-4c4a1d39b20e"]
[debug] [35m[BaseDriver][39m Valid locator strategies for this request: xpath, id, class name, accessibility id, -android uiautomator
[debug] [35m[BaseDriver][39m Waiting up to 10000 ms for condition
[debug] [35m[WD Proxy][39m Matched '/element' to command name 'findElement'
[debug] [35m[WD Proxy][39m Proxying [POST /element] to [POST http://localhost:8200/wd/hub/session/654826d9-6091-4eea-baf4-221f0de80471/element] with body: {"strategy":"id","selector":"android:id/aerr_restart","context":"","multiple":false}[debug] [35m[WD Proxy][39m Got response with status 200: {"sessionId":"654826d9-6091-4eea-baf4-221f0de80471","value":{"ELEMENT":"aaeca432-86be-4557-910b-9440d1579f43","element-6066-11e4-a52e-4f735466cecf":"aaeca432-86be-4557-910b-9440d1579f43"}}
[debug] [35m[W3C (dc37012e)][39m Responding to client with driver.findElement() result: {"element-6066-11e4-a52e-4f735466cecf":"aaeca432-86be-4557-910b-9440d1579f43","ELEMENT":"aaeca432-86be-4557-910b-9440d1579f43"}
[info] [35m[HTTP][39m [37m<-- POST /wd/hub/session/dc37012e-5d75-46a0-8ab3-4c4a1d39b20e/element [39m[32m200[39m [90m52 ms - 137[39m
[info] [35m[HTTP][39m [90m[39m
[info] [35m[HTTP][39m [37m-->[39m [37mPOST[39m [37m/wd/hub/session/dc37012e-5d75-46a0-8ab3-4c4a1d39b20e/element/aaeca432-86be-4557-910b-9440d1579f43/click[39m
[info] [35m[HTTP][39m [90m{"id":"aaeca432-86be-4557-910b-9440d1579f43"}[39m
[debug] [35m[W3C (dc37012e)][39m Calling AppiumDriver.click() with args: ["aaeca432-86be-4557-910b-9440d1579f43","dc37012e-5d75-46a0-8ab3-4c4a1d39b20e"]
[debug] [35m[WD Proxy][39m Matched '/element/aaeca432-86be-4557-910b-9440d1579f43/click' to command name 'click'
[debug] [35m[WD Proxy][39m Proxying [POST /element/aaeca432-86be-4557-910b-9440d1579f43/click] to [POST http://localhost:8200/wd/hub/session/654826d9-6091-4eea-baf4-221f0de80471/element/aaeca432-86be-4557-910b-9440d1579f43/click] with body: {"element":"aaeca432-86be-4557-910b-9440d1579f43"}
[debug] [35m[WD Proxy][39m Got response with status 200: {"sessionId":"654826d9-6091-4eea-baf4-221f0de80471","value":null}
[debug] [35m[W3C (dc37012e)][39m Responding to client with driver.click() result: null
[info] [35m[HTTP][39m [37m<-- POST /wd/hub/session/dc37012e-5d75-46a0-8ab3-4c4a1d39b20e/element/aaeca432-86be-4557-910b-9440d1579f43/click [39m[32m200[39m [90m78 ms - 14[39m
[info] [35m[HTTP][39m [90m[39m
[info] [35m[HTTP][39m [37m-->[39m [37mDELETE[39m [37m/wd/hub/session/dc37012e-5d75-46a0-8ab3-4c4a1d39b20e[39m
[info] [35m[HTTP][39m [90m{}[39m
[debug] [35m[W3C (dc37012e)][39m Calling AppiumDriver.deleteSession() with args: ["dc37012e-5d75-46a0-8ab3-4c4a1d39b20e"]
[debug] [35m[BaseDriver][39m Event 'quitSessionRequested' logged at 1583059853945 (11:50:53 GMT+0100 (CET))
[info] [35m[Appium][39m Removing session dc37012e-5d75-46a0-8ab3-4c4a1d39b20e from our master session list
[debug] [35m[UiAutomator2][39m Deleting UiAutomator2 session
[debug] [35m[UiAutomator2][39m Deleting UiAutomator2 server session
[debug] [35m[WD Proxy][39m Matched '/' to command name 'deleteSession'
[debug] [35m[WD Proxy][39m Proxying [DELETE /] to [DELETE http://localhost:8200/wd/hub/session/654826d9-6091-4eea-baf4-221f0de80471] with no body
[debug] [35m[WD Proxy][39m Got response with status 200: {"sessionId":"654826d9-6091-4eea-baf4-221f0de80471","value":null}
[debug] [35m[UiAutomator2][39m Resetting IME to 'com.android.inputmethod.latin/.LatinIME'
[debug] [35m[ADB][39m Running '/home/tester/Android/Sdk/platform-tools/adb -P 5037 -s 6H6LQGK7DE8HIBCU shell ime set com.android.inputmethod.latin/.LatinIME'[debug] [35m[Instrumentation][39m .[debug] [35m[Instrumentation][39m Time: 15.048
[debug] [35m[Instrumentation][39m 
[debug] [35m[Instrumentation][39m OK (1 test)
[debug] [35m[Instrumentation][39m The process has exited with code 0
[debug] [35m[ADB][39m Running '/home/tester/Android/Sdk/platform-tools/adb -P 5037 -s 6H6LQGK7DE8HIBCU shell am force-stop com.example.android.contactmanager'[debug] [35m[Logcat][39m Stopping logcat capture
[debug] [35m[ADB][39m Removing forwarded port socket connection: 8200 
[debug] [35m[ADB][39m Running '/home/tester/Android/Sdk/platform-tools/adb -P 5037 -s 6H6LQGK7DE8HIBCU forward --remove tcp\:8200'
[debug] [35m[BaseDriver][39m Event 'quitSessionFinished' logged at 1583059856453 (11:50:56 GMT+0100 (CET))
[debug] [35m[W3C (dc37012e)][39m Received response: null
[debug] [35m[W3C (dc37012e)][39m But deleting session, so not returning
[debug] [35m[W3C (dc37012e)][39m Responding to client with driver.deleteSession() result: null
[info] [35m[HTTP][39m [37m<-- DELETE /wd/hub/session/dc37012e-5d75-46a0-8ab3-4c4a1d39b20e [39m[32m200[39m [90m2513 ms - 14[39m
[info] [35m[HTTP][39m [90m[39m