[info] [35m[HTTP][39m [37m-->[39m [37mPOST[39m [37m/wd/hub/session[39m
[info] [35m[HTTP][39m [90m{"capabilities":{"firstMatch":[{"platformName":"Android","appium:platfomVersion":"7.0","appium:deviceName":"Gigaset GS170","appium:app":"/home/tester/Desktop/appium/appium/ApiDemos-debug.apk","appium:appPackage":"io.appium.android.apis","appium:appActivity":"io.appium.android.apis.ApiDemos"}]},"desiredCapabilities":{"platformName":"Android","platfomVersion":"7.0","deviceName":"Gigaset GS170","app":"/home/tester/Desktop/appium/appium/ApiDemos-debug.apk","appPackage":"io.appium.android.apis","appActivity":"io.appium.android.apis.ApiDemos"}}[39m
[debug] [35m[W3C][39m Calling AppiumDriver.createSession() with args: [{"platformName":"Android","platfomVersion":"7.0","deviceName":"Gigaset GS170","app":"/home/tester/Desktop/appium/appium/ApiDemos-debug.apk","appPackage":"io.appium.android.apis","appActivity":"io.appium.android.apis.ApiDemos"},null,{"firstMatch":[{"platformName":"Android","appium:platfomVersion":"7.0","appium:deviceName":"Gigaset GS170","appium:app":"/home/tester/Desktop/appium/appium/ApiDemos-debug.apk","appium:appPackage":"io.appium.android.apis","appium:appActivity":"io.appium.android.apis.ApiDemos"}]}]
[debug] [35m[BaseDriver][39m Event 'newSessionRequested' logged at 1583059731076 (11:48:51 GMT+0100 (CET))
[warn] [35m[Appium][39m 
[warn] [35m[Appium][39m ======================================================================
[warn] [35m[Appium][39m   DEPRECATION WARNING:
[warn] [35m[Appium][39m 
[warn] [35m[Appium][39m   The 'automationName' capability was not provided in the desired 
[warn] [35m[Appium][39m   capabilities for this Android session
[warn] [35m[Appium][39m 
[warn] [35m[Appium][39m   Setting 'automationName=UiAutomator2' by default and using the 
[warn] [35m[Appium][39m   UiAutomator2 Driver
[warn] [35m[Appium][39m 
[warn] [35m[Appium][39m   The next major version of Appium (2.x) will **require** the 
[warn] [35m[Appium][39m   'automationName' capability to be set for all sessions on all 
[warn] [35m[Appium][39m   platforms
[warn] [35m[Appium][39m 
[warn] [35m[Appium][39m   In previous versions (Appium <= 1.13.x), the default was 
[warn] [35m[Appium][39m   'automationName=UiAutomator1'
[warn] [35m[Appium][39m 
[warn] [35m[Appium][39m   If you wish to use that automation instead of UiAutomator2, please 
[warn] [35m[Appium][39m   add 'automationName=UiAutomator1' to your desired capabilities
[warn] [35m[Appium][39m 
[warn] [35m[Appium][39m   For more information about drivers, please visit 
[warn] [35m[Appium][39m   http://appium.io/docs/en/about-appium/intro/ and explore the 
[warn] [35m[Appium][39m   'Drivers' menu
[warn] [35m[Appium][39m 
[warn] [35m[Appium][39m ======================================================================
[warn] [35m[Appium][39m 
[info] [35m[Appium][39m Appium v1.15.1 creating new AndroidUiautomator2Driver (v1.37.2) session
[debug] [35m[BaseDriver][39m W3C capabilities and MJSONWP desired capabilities were provided
[debug] [35m[BaseDriver][39m Creating session with W3C capabilities: {
[debug] [35m[BaseDriver][39m   "alwaysMatch": {
[debug] [35m[BaseDriver][39m     "platformName": "Android",
[debug] [35m[BaseDriver][39m     "appium:platfomVersion": "7.0",
[debug] [35m[BaseDriver][39m     "appium:deviceName": "Gigaset GS170",
[debug] [35m[BaseDriver][39m     "appium:app": "/home/tester/Desktop/appium/appium/ApiDemos-debug.apk",
[debug] [35m[BaseDriver][39m     "appium:appPackage": "io.appium.android.apis",
[debug] [35m[BaseDriver][39m     "appium:appActivity": "io.appium.android.apis.ApiDemos"
[debug] [35m[BaseDriver][39m   },
[debug] [35m[BaseDriver][39m   "firstMatch": [
[debug] [35m[BaseDriver][39m     {}
[debug] [35m[BaseDriver][39m   ]
[debug] [35m[BaseDriver][39m }
[warn] [35m[BaseDriver][39m The following capabilities were provided, but are not recognized by Appium:
[warn] [35m[BaseDriver][39m   platfomVersion
[info] [35m[BaseDriver][39m Session created with session id: 6502e6d8-4e9c-4f70-8229-58b007a6877d
[info] [35m[BaseDriver][39m Using local app '/home/tester/Desktop/appium/appium/ApiDemos-debug.apk'
[debug] [35m[UiAutomator2][39m Checking whether app is actually present
[info] [35m[ADB][39m Using 'adb' from '/home/tester/Android/Sdk/platform-tools/adb'
[info] [35m[AndroidDriver][39m Retrieving device list
[debug] [35m[ADB][39m Trying to find a connected android device
[debug] [35m[ADB][39m Getting connected devices...
[debug] [35m[ADB][39m Connected devices: [{"udid":"6H6LQGK7DE8HIBCU","state":"device"}]
[info] [35m[AndroidDriver][39m Using device: 6H6LQGK7DE8HIBCU
[info] [35m[ADB][39m Using 'adb' from '/home/tester/Android/Sdk/platform-tools/adb'
[debug] [35m[ADB][39m Setting device id to 6H6LQGK7DE8HIBCU
[debug] [35m[ADB][39m Running '/home/tester/Android/Sdk/platform-tools/adb -P 5037 -s 6H6LQGK7DE8HIBCU shell getprop ro.build.version.sdk'[debug] [35m[ADB][39m Current device property 'ro.build.version.sdk': 24
[debug] [35m[ADB][39m Device API level: 24
[debug] [35m[ADB][39m Running '/home/tester/Android/Sdk/platform-tools/adb -P 5037 -s 6H6LQGK7DE8HIBCU wait-for-device'
[debug] [35m[ADB][39m Running '/home/tester/Android/Sdk/platform-tools/adb -P 5037 -s 6H6LQGK7DE8HIBCU shell echo ping'
[debug] [35m[AndroidDriver][39m Pushing settings apk to device...
[debug] [35m[ADB][39m Getting install status for io.appium.settings
[debug] [35m[ADB][39m Running '/home/tester/Android/Sdk/platform-tools/adb -P 5037 -s 6H6LQGK7DE8HIBCU shell dumpsys package io.appium.settings'
[debug] [35m[ADB][39m 'io.appium.settings' is installed
[debug] [35m[ADB][39m Getting package info for 'io.appium.settings'
[debug] [35m[ADB][39m Running '/home/tester/Android/Sdk/platform-tools/adb -P 5037 -s 6H6LQGK7DE8HIBCU shell dumpsys package io.appium.settings'[info] [35m[ADB][39m Using 'apkanalyzer' from '/home/tester/Android/Sdk/tools/bin/apkanalyzer'
[debug] [35m[ADB][39m Starting '/home/tester/Android/Sdk/tools/bin/apkanalyzer' with args ["manifest","print","/tmp/.mount_AppiumcbWzJH/resources/app/node_modules/appium/node_modules/io.appium.settings/apks/settings_apk-debug.apk"]
[info] [35m[ADB][39m Cannot extract apk info using apkanalyzer. Falling back to aapt. Original error: /bin/sh: 1: /home/tester/Android/Sdk/tools/bin/apkanalyzer: Permission denied
[info] [35m[ADB][39m 
[info] [35m[ADB][39m Using 'aapt' from '/home/tester/Android/Sdk/build-tools/29.0.3/aapt'
[debug] [35m[ADB][39m The version name of the installed 'io.appium.settings' is greater or equal to the application version name ('2.14.2' >= '2.14.2')
[debug] [35m[ADB][39m There is no need to install/upgrade '/tmp/.mount_AppiumcbWzJH/resources/app/node_modules/appium/node_modules/io.appium.settings/apks/settings_apk-debug.apk'
[debug] [35m[ADB][39m Getting IDs of all 'io.appium.settings' processes
[debug] [35m[ADB][39m Running '/home/tester/Android/Sdk/platform-tools/adb -P 5037 -s 6H6LQGK7DE8HIBCU shell 'pgrep --help; echo $?''
[debug] [35m[ADB][39m Running '/home/tester/Android/Sdk/platform-tools/adb -P 5037 -s 6H6LQGK7DE8HIBCU shell pgrep \^appium\\.settings\$'
[debug] [35m[AndroidDriver][39m io.appium.settings is already running. There is no need to reset its permissions.
[debug] [35m[ADB][39m Running '/home/tester/Android/Sdk/platform-tools/adb -P 5037 -s 6H6LQGK7DE8HIBCU shell appops set io.appium.settings android\:mock_location allow'[debug] [35m[Logcat][39m Starting logcat capture
[info] [35m[UiAutomator2][39m Server package at '/tmp/.mount_AppiumcbWzJH/resources/app/node_modules/appium/node_modules/appium-uiautomator2-server/apks/appium-uiautomator2-server-v4.3.0.apk' is not writeable. Will copy it into the temporary location at '/tmp/202021-14248-9b6g22.yr8bd' as a workaround. Consider making this file writeable manually in order to improve the performance of session startup.
[info] [35m[UiAutomator2][39m Server package at '/tmp/.mount_AppiumcbWzJH/resources/app/node_modules/appium/node_modules/appium-uiautomator2-server/apks/appium-uiautomator2-server-debug-androidTest.apk' is not writeable. Will copy it into the temporary location at '/tmp/202021-14248-9b6g22.yr8bd' as a workaround. Consider making this file writeable manually in order to improve the performance of session startup.
[debug] [35m[ADB][39m Getting install status for io.appium.uiautomator2.server
[debug] [35m[ADB][39m Running '/home/tester/Android/Sdk/platform-tools/adb -P 5037 -s 6H6LQGK7DE8HIBCU shell dumpsys package io.appium.uiautomator2.server'[debug] [35m[ADB][39m 'io.appium.uiautomator2.server' is installed
[debug] [35m[ADB][39m Getting package info for 'io.appium.uiautomator2.server'
[debug] [35m[ADB][39m Running '/home/tester/Android/Sdk/platform-tools/adb -P 5037 -s 6H6LQGK7DE8HIBCU shell dumpsys package io.appium.uiautomator2.server'
[debug] [35m[ADB][39m Starting '/home/tester/Android/Sdk/tools/bin/apkanalyzer' with args ["manifest","print","/tmp/202021-14248-9b6g22.yr8bd/appium-uiautomator2-server-v4.3.0.apk"]
[info] [35m[ADB][39m Cannot extract apk info using apkanalyzer. Falling back to aapt. Original error: /bin/sh: 1: /home/tester/Android/Sdk/tools/bin/apkanalyzer: Permission denied
[info] [35m[ADB][39m 
[debug] [35m[ADB][39m The version name of the installed 'io.appium.uiautomator2.server' is greater or equal to the application version name ('4.3.0' >= '4.3.0')
[debug] [35m[UiAutomator2][39m io.appium.uiautomator2.server installation state: sameVersionInstalled
[debug] [35m[ADB][39m Checking app cert for /tmp/202021-14248-9b6g22.yr8bd/appium-uiautomator2-server-v4.3.0.apk
[info] [35m[ADB][39m Using 'apksigner' from '/home/tester/Android/Sdk/build-tools/29.0.3/apksigner'
[debug] [35m[ADB][39m Starting '/home/tester/Android/Sdk/build-tools/29.0.3/apksigner' with args '["verify","--print-certs","/tmp/202021-14248-9b6g22.yr8bd/appium-uiautomator2-server-v4.3.0.apk"]'[debug] [35m[ADB][39m apksigner stdout: Signer #1 certificate DN: EMAILADDRESS=android@android.com, CN=Android, OU=Android, O=Android, L=Mountain View, ST=California, C=US
[debug] [35m[ADB][39m Signer #1 certificate SHA-256 digest: a40da80a59d170caa950cf15c18c454d47a39b26989d8b640ecd745ba71bf5dc
[debug] [35m[ADB][39m Signer #1 certificate SHA-1 digest: 61ed377e85d386a8dfee6b864bd85b0bfaa5af81
[debug] [35m[ADB][39m Signer #1 certificate MD5 digest: e89b158e4bcf988ebd09eb83f5378e87
[debug] [35m[ADB][39m 
[debug] [35m[ADB][39m '/tmp/202021-14248-9b6g22.yr8bd/appium-uiautomator2-server-v4.3.0.apk' is already signed.
[debug] [35m[ADB][39m Getting install status for io.appium.uiautomator2.server.test
[debug] [35m[ADB][39m Running '/home/tester/Android/Sdk/platform-tools/adb -P 5037 -s 6H6LQGK7DE8HIBCU shell dumpsys package io.appium.uiautomator2.server.test'
[debug] [35m[ADB][39m 'io.appium.uiautomator2.server.test' is installed
[debug] [35m[ADB][39m Checking app cert for /tmp/202021-14248-9b6g22.yr8bd/appium-uiautomator2-server-debug-androidTest.apk
[debug] [35m[ADB][39m Starting '/home/tester/Android/Sdk/build-tools/29.0.3/apksigner' with args '["verify","--print-certs","/tmp/202021-14248-9b6g22.yr8bd/appium-uiautomator2-server-debug-androidTest.apk"]'[debug] [35m[ADB][39m apksigner stdout: Signer #1 certificate DN: CN=Android Debug, O=Android, C=US
[debug] [35m[ADB][39m Signer #1 certificate SHA-256 digest: 3e4f2ab66d641bbbd363421151755f8b12b66ea37a5db43c52116596b7392a8e
[debug] [35m[ADB][39m Signer #1 certificate SHA-1 digest: e24fc8971c0aad07d1df6cc62af7fb0d48b45b60
[debug] [35m[ADB][39m Signer #1 certificate MD5 digest: 5623d53469c7f7147b52ace9d09901eb
[debug] [35m[ADB][39m 
[debug] [35m[ADB][39m '/tmp/202021-14248-9b6g22.yr8bd/appium-uiautomator2-server-debug-androidTest.apk' is signed with non-default certificate
[info] [35m[ADB][39m Using 'zipalign' from '/home/tester/Android/Sdk/build-tools/29.0.3/zipalign'
[debug] [35m[ADB][39m /tmp/202021-14248-9b6g22.yr8bd/appium-uiautomator2-server-debug-androidTest.apk' is already zip-aligned. Doing nothing
[debug] [35m[ADB][39m Signing '/tmp/202021-14248-9b6g22.yr8bd/appium-uiautomator2-server-debug-androidTest.apk' with default cert
[debug] [35m[ADB][39m Starting '/home/tester/Android/Sdk/build-tools/29.0.3/apksigner' with args '["sign","--key","/tmp/.mount_AppiumcbWzJH/resources/app/node_modules/appium/node_modules/appium-adb/keys/testkey.pk8","--cert","/tmp/.mount_AppiumcbWzJH/resources/app/node_modules/appium/node_modules/appium-adb/keys/testkey.x509.pem","/tmp/202021-14248-9b6g22.yr8bd/appium-uiautomator2-server-debug-androidTest.apk"]'[info] [35m[UiAutomator2][39m Server packages are going to be (re)installed
[info] [35m[UiAutomator2][39m Full packages reinstall is going to be performed
[debug] [35m[ADB][39m Uninstalling io.appium.uiautomator2.server
[debug] [35m[ADB][39m Getting install status for io.appium.uiautomator2.server
[debug] [35m[ADB][39m Running '/home/tester/Android/Sdk/platform-tools/adb -P 5037 -s 6H6LQGK7DE8HIBCU shell dumpsys package io.appium.uiautomator2.server'[debug] [35m[ADB][39m 'io.appium.uiautomator2.server' is installed
[debug] [35m[ADB][39m Running '/home/tester/Android/Sdk/platform-tools/adb -P 5037 -s 6H6LQGK7DE8HIBCU shell am force-stop io.appium.uiautomator2.server'[debug] [35m[ADB][39m Running '/home/tester/Android/Sdk/platform-tools/adb -P 5037 -s 6H6LQGK7DE8HIBCU uninstall io.appium.uiautomator2.server'[debug] [35m[ADB][39m 'adb uninstall io.appium.uiautomator2.server' command output: Success
[info] [35m[ADB][39m io.appium.uiautomator2.server was successfully uninstalled
[debug] [35m[ADB][39m Running '/home/tester/Android/Sdk/platform-tools/adb -P 5037 -s 6H6LQGK7DE8HIBCU shell 'ls -t -1 /data/local/tmp/appium_cache 2>&1 || echo _ERROR_''[debug] [35m[ADB][39m The count of applications in the cache: 4
[info] [35m[ADB][39m The application at '/tmp/202021-14248-9b6g22.yr8bd/appium-uiautomator2-server-v4.3.0.apk' is already cached to '/data/local/tmp/appium_cache/0cc1725a60a05dbb5d0d09256f2fc6ece7e3b10f.apk'
[debug] [35m[ADB][39m Running '/home/tester/Android/Sdk/platform-tools/adb -P 5037 -s 6H6LQGK7DE8HIBCU shell pm install -r /data/local/tmp/appium_cache/0cc1725a60a05dbb5d0d09256f2fc6ece7e3b10f.apk'[info] [35m[ADB][39m The installation of 'appium-uiautomator2-server-v4.3.0.apk' took 4.521s
[debug] [35m[ADB][39m Install command stdout: Success
[debug] [35m[ADB][39m Uninstalling io.appium.uiautomator2.server.test
[debug] [35m[ADB][39m Getting install status for io.appium.uiautomator2.server.test
[debug] [35m[ADB][39m Running '/home/tester/Android/Sdk/platform-tools/adb -P 5037 -s 6H6LQGK7DE8HIBCU shell dumpsys package io.appium.uiautomator2.server.test'
[debug] [35m[ADB][39m 'io.appium.uiautomator2.server.test' is installed
[debug] [35m[ADB][39m Running '/home/tester/Android/Sdk/platform-tools/adb -P 5037 -s 6H6LQGK7DE8HIBCU shell am force-stop io.appium.uiautomator2.server.test'[debug] [35m[ADB][39m Running '/home/tester/Android/Sdk/platform-tools/adb -P 5037 -s 6H6LQGK7DE8HIBCU uninstall io.appium.uiautomator2.server.test'[debug] [35m[ADB][39m 'adb uninstall io.appium.uiautomator2.server.test' command output: Success
[info] [35m[ADB][39m io.appium.uiautomator2.server.test was successfully uninstalled
[debug] [35m[ADB][39m Running '/home/tester/Android/Sdk/platform-tools/adb -P 5037 -s 6H6LQGK7DE8HIBCU shell 'ls -t -1 /data/local/tmp/appium_cache 2>&1 || echo _ERROR_''
[debug] [35m[ADB][39m The count of applications in the cache: 4
[info] [35m[ADB][39m The application at '/tmp/202021-14248-9b6g22.yr8bd/appium-uiautomator2-server-debug-androidTest.apk' is already cached to '/data/local/tmp/appium_cache/cd247f042368990c9f33b2d7bf2390d8cf4f4e24.apk'
[debug] [35m[ADB][39m Running '/home/tester/Android/Sdk/platform-tools/adb -P 5037 -s 6H6LQGK7DE8HIBCU shell pm install -r /data/local/tmp/appium_cache/cd247f042368990c9f33b2d7bf2390d8cf4f4e24.apk'[info] [35m[ADB][39m The installation of 'appium-uiautomator2-server-debug-androidTest.apk' took 2.722s
[debug] [35m[ADB][39m Install command stdout: Success
[debug] [35m[UiAutomator2][39m Waiting up to 30000ms for services to be available
[debug] [35m[ADB][39m Running '/home/tester/Android/Sdk/platform-tools/adb -P 5037 -s 6H6LQGK7DE8HIBCU shell pm list instrumentation'[debug] [35m[UiAutomator2][39m Instrumentation target 'io.appium.uiautomator2.server.test/androidx.test.runner.AndroidJUnitRunner' is available
[debug] [35m[UiAutomator2][39m Forwarding UiAutomator2 Server port 6790 to 8200
[debug] [35m[ADB][39m Forwarding system: 8200 to device: 6790
[debug] [35m[ADB][39m Running '/home/tester/Android/Sdk/platform-tools/adb -P 5037 -s 6H6LQGK7DE8HIBCU forward tcp\:8200 tcp\:6790'
[debug] [35m[ADB][39m Checking app cert for /home/tester/Desktop/appium/appium/ApiDemos-debug.apk
[debug] [35m[ADB][39m Starting '/home/tester/Android/Sdk/build-tools/29.0.3/apksigner' with args '["verify","--print-certs","/home/tester/Desktop/appium/appium/ApiDemos-debug.apk"]'[debug] [35m[ADB][39m apksigner stdout: Signer #1 certificate DN: EMAILADDRESS=android@android.com, CN=Android, OU=Android, O=Android, L=Mountain View, ST=California, C=US
[debug] [35m[ADB][39m Signer #1 certificate SHA-256 digest: a40da80a59d170caa950cf15c18c454d47a39b26989d8b640ecd745ba71bf5dc
[debug] [35m[ADB][39m Signer #1 certificate SHA-1 digest: 61ed377e85d386a8dfee6b864bd85b0bfaa5af81
[debug] [35m[ADB][39m Signer #1 certificate MD5 digest: e89b158e4bcf988ebd09eb83f5378e87
[debug] [35m[ADB][39m 
[debug] [35m[ADB][39m '/home/tester/Desktop/appium/appium/ApiDemos-debug.apk' is already signed.
[debug] [35m[ADB][39m Getting install status for io.appium.android.apis
[debug] [35m[ADB][39m Running '/home/tester/Android/Sdk/platform-tools/adb -P 5037 -s 6H6LQGK7DE8HIBCU shell dumpsys package io.appium.android.apis'
[debug] [35m[ADB][39m 'io.appium.android.apis' is installed
[debug] [35m[ADB][39m Getting package info for 'io.appium.android.apis'
[debug] [35m[ADB][39m Running '/home/tester/Android/Sdk/platform-tools/adb -P 5037 -s 6H6LQGK7DE8HIBCU shell dumpsys package io.appium.android.apis'[debug] [35m[ADB][39m Starting '/home/tester/Android/Sdk/tools/bin/apkanalyzer' with args ["manifest","print","/home/tester/Desktop/appium/appium/ApiDemos-debug.apk"]
[info] [35m[ADB][39m Cannot extract apk info using apkanalyzer. Falling back to aapt. Original error: /bin/sh: 1: /home/tester/Android/Sdk/tools/bin/apkanalyzer: Permission denied
[info] [35m[ADB][39m 
[warn] [35m[ADB][39m Cannot read version codes of '/home/tester/Desktop/appium/appium/ApiDemos-debug.apk' and/or 'io.appium.android.apis'
[warn] [35m[ADB][39m Cannot read version names of '/home/tester/Desktop/appium/appium/ApiDemos-debug.apk' and/or 'io.appium.android.apis'
[debug] [35m[ADB][39m The current install state of '/home/tester/Desktop/appium/appium/ApiDemos-debug.apk' is unknown. Installing anyway
[debug] [35m[ADB][39m Running '/home/tester/Android/Sdk/platform-tools/adb -P 5037 -s 6H6LQGK7DE8HIBCU shell 'ls -t -1 /data/local/tmp/appium_cache 2>&1 || echo _ERROR_''
[debug] [35m[ADB][39m The count of applications in the cache: 4
[info] [35m[ADB][39m The application at '/home/tester/Desktop/appium/appium/ApiDemos-debug.apk' is already cached to '/data/local/tmp/appium_cache/a7c3d3f518bf906dfd994f6290dfc7e6c703ccae.apk'
[debug] [35m[ADB][39m Running '/home/tester/Android/Sdk/platform-tools/adb -P 5037 -s 6H6LQGK7DE8HIBCU shell pm install -r /data/local/tmp/appium_cache/a7c3d3f518bf906dfd994f6290dfc7e6c703ccae.apk'[info] [35m[ADB][39m The installation of 'ApiDemos-debug.apk' took 3.792s
[debug] [35m[ADB][39m Install command stdout: Success
[info] [35m[AndroidDriver][39m Performing fast reset on 'io.appium.android.apis'
[debug] [35m[ADB][39m Getting install status for io.appium.android.apis
[debug] [35m[ADB][39m Running '/home/tester/Android/Sdk/platform-tools/adb -P 5037 -s 6H6LQGK7DE8HIBCU shell dumpsys package io.appium.android.apis'[debug] [35m[ADB][39m 'io.appium.android.apis' is installed
[debug] [35m[ADB][39m Running '/home/tester/Android/Sdk/platform-tools/adb -P 5037 -s 6H6LQGK7DE8HIBCU shell am force-stop io.appium.android.apis'[debug] [35m[ADB][39m Running '/home/tester/Android/Sdk/platform-tools/adb -P 5037 -s 6H6LQGK7DE8HIBCU shell pm clear io.appium.android.apis'[debug] [35m[AndroidDriver][39m Performed fast reset on the installed 'io.appium.android.apis' application (stop and clear)
[debug] [35m[UiAutomator2][39m Performing shallow cleanup of automation leftovers
[debug] [35m[UiAutomator2][39m No obsolete sessions have been detected (Error: socket hang up)
[debug] [35m[ADB][39m Running '/home/tester/Android/Sdk/platform-tools/adb -P 5037 -s 6H6LQGK7DE8HIBCU shell am force-stop io.appium.uiautomator2.server.test'[info] [35m[UiAutomator2][39m Starting UIAutomator2 server 4.3.0
[info] [35m[UiAutomator2][39m Using UIAutomator2 server from '/tmp/.mount_AppiumcbWzJH/resources/app/node_modules/appium/node_modules/appium-uiautomator2-server/apks/appium-uiautomator2-server-v4.3.0.apk' and test from '/tmp/.mount_AppiumcbWzJH/resources/app/node_modules/appium/node_modules/appium-uiautomator2-server/apks/appium-uiautomator2-server-debug-androidTest.apk'
[info] [35m[UiAutomator2][39m Waiting up to 30000ms for UiAutomator2 to be online...
[debug] [35m[ADB][39m Creating ADB subprocess with args: ["-P",5037,"-s","6H6LQGK7DE8HIBCU","shell","am","instrument","-w","io.appium.uiautomator2.server.test/androidx.test.runner.AndroidJUnitRunner"][debug] [35m[WD Proxy][39m Matched '/status' to command name 'getStatus'
[debug] [35m[WD Proxy][39m Proxying [GET /status] to [GET http://localhost:8200/wd/hub/status] with no body
[info] [35m[WD Proxy][39m Got an unexpected response with status undefined: {"code":"ECONNRESET"}[debug] [35m[Instrumentation][39m io.appium.uiautomator2.server.test.AppiumUiAutomator2Server:[debug] [35m[WD Proxy][39m Matched '/status' to command name 'getStatus'
[debug] [35m[WD Proxy][39m Proxying [GET /status] to [GET http://localhost:8200/wd/hub/status] with no body
[info] [35m[WD Proxy][39m Got an unexpected response with status undefined: {"code":"ECONNRESET"}[debug] [35m[WD Proxy][39m Matched '/status' to command name 'getStatus'
[debug] [35m[WD Proxy][39m Proxying [GET /status] to [GET http://localhost:8200/wd/hub/status] with no body[debug] [35m[WD Proxy][39m Got response with status 200: {"sessionId":"None","value":{"ready":true,"message":"UiAutomator2 Server is ready to accept commands"}}
[debug] [35m[UiAutomator2][39m The initialization of the instrumentation process took 3133ms
[debug] [35m[WD Proxy][39m Matched '/session' to command name 'createSession'
[debug] [35m[WD Proxy][39m Proxying [POST /session] to [POST http://localhost:8200/wd/hub/session] with body: {"capabilities":{"firstMatch":[{"platform":"LINUX","webStorageEnabled":false,"takesScreenshot":true,"javascriptEnabled":true,"databaseEnabled":false,"networkConnectionEnabled":true,"locationContextEnabled":false,"warnings":{},"desired":{"platformName":"Android","platfomVersion":"7.0","deviceName":"Gigaset GS170","app":"/home/tester/Desktop/appium/appium/ApiDemos-debug.apk","appPackage":"io.appium.android.apis","appActivity":"io.appium.android.apis.ApiDemos"},"platformName":"Android","platfomVersion":"7.0","deviceName":"6H6LQGK7DE8HIBCU","app":"/home/tester/Desktop/appium/appium/ApiDemos-debug.apk","appPackage":"io.appium.android.apis","appActivity":"io.appium.android.apis.ApiDemos","deviceUDID":"6H6LQGK7DE8HIBCU"}],"alwaysMatch":{}}}
[debug] [35m[WD Proxy][39m Got response with status 200: {"sessionId":"aebe76c8-ee49-4803-b82f-14752aca3095","value":{"sessionId":"aebe76c8-ee49-4803-b82f-14752aca3095","capabilities":{"firstMatch":[{"platform":"LINUX","webStorageEnabled":false,"takesScreenshot":true,"javascriptEnabled":true,"databaseEnabled":false,"networkConnectionEnabled":true,"locationContextEnabled":false,"warnings":{},"desired":{"platformName":"Android","platfomVersion":"7.0","deviceName":"Gigaset GS170","app":"/home/tester/Desktop/appium/appium/ApiDemos-debug.apk","appPackage":"io.appium.android.apis","appActivity":"io.appium.android.apis.ApiDemos"},"platformName":"Android","platfomVersion":"7.0","deviceName":"6H6LQGK7DE8HIBCU","app":"/home/tester/Desktop/appium/appium/ApiDemos-debug.apk","appPackage":"io.appium.android.apis","appActivity":"io.appium.android.apis.ApiDemos","deviceUDID":"6H6LQGK7DE8HIBCU"}],"alwaysMatch":{}}}}
[info] [35m[WD Proxy][39m Determined the downstream protocol as 'W3C'
[debug] [35m[WD Proxy][39m Proxying [GET /appium/device/info] to [GET http://localhost:8200/wd/hub/session/aebe76c8-ee49-4803-b82f-14752aca3095/appium/device/info] with no body
[debug] [35m[WD Proxy][39m Got response with status 200: {"sessionId":"aebe76c8-ee49-4803-b82f-14752aca3095","value":{"androidId":"8d083bbb4a36e0f","manufacturer":"Gigaset","model":"Gigaset GS170","brand":"Gigaset","apiVersion":"24","platformVersion":"7.0","carrierName":"","realDisplaySize":"720x1280","displayDensity":320,"networks":[{"type":1,"typeName":"WIFI","subtype":0,"subtypeName":"","isConnected":true,"detailedState":"CONNECTED","state":"CONNECTED","extraInfo":"\"WSB\"","isAvailable":true,"isFailover":false,"isRoaming":false,"capabilities":{"transportTypes":"NET_CAPABILITY_SUPL","networkCapabilities":"","linkUpstreamBandwidthKbps":1048576,"linkDownBandwidthKbps":1048576,"signalStrength":-57,"networkSpecifier":null,"SSID":null}}],"locale":"en_US","timeZone":"Europe\/Amsterdam"}}
[debug] [35m[ADB][39m Running '/home/tester/Android/Sdk/platform-tools/adb -P 5037 -s 6H6LQGK7DE8HIBCU shell dumpsys window'[info] [35m[AndroidDriver][39m Screen already unlocked, doing nothing
[info] [35m[UiAutomator2][39m Starting 'io.appium.android.apis/io.appium.android.apis.ApiDemos and waiting for 'io.appium.android.apis/io.appium.android.apis.ApiDemos'
[debug] [35m[ADB][39m Running '/home/tester/Android/Sdk/platform-tools/adb -P 5037 -s 6H6LQGK7DE8HIBCU shell am start -W -n io.appium.android.apis/io.appium.android.apis.ApiDemos -S'[debug] [35m[WD Proxy][39m Proxying [GET /appium/device/pixel_ratio] to [GET http://localhost:8200/wd/hub/session/aebe76c8-ee49-4803-b82f-14752aca3095/appium/device/pixel_ratio] with body: {}
[debug] [35m[WD Proxy][39m Got response with status 200: {"sessionId":"aebe76c8-ee49-4803-b82f-14752aca3095","value":2}
[debug] [35m[WD Proxy][39m Matched '/appium/device/system_bars' to command name 'getSystemBars'
[debug] [35m[WD Proxy][39m Proxying [GET /appium/device/system_bars] to [GET http://localhost:8200/wd/hub/session/aebe76c8-ee49-4803-b82f-14752aca3095/appium/device/system_bars] with body: {}
[debug] [35m[WD Proxy][39m Got response with status 200: {"sessionId":"aebe76c8-ee49-4803-b82f-14752aca3095","value":{"statusBar":48}}
[debug] [35m[WD Proxy][39m Matched '/window/current/size' to command name 'getWindowSize'
[debug] [35m[WD Proxy][39m Proxying [GET /window/current/size] to [GET http://localhost:8200/wd/hub/session/aebe76c8-ee49-4803-b82f-14752aca3095/window/current/size] with body: {}[debug] [35m[WD Proxy][39m Got response with status 200: {"sessionId":"aebe76c8-ee49-4803-b82f-14752aca3095","value":{"height":1184,"width":720}}
[info] [35m[Appium][39m New AndroidUiautomator2Driver session created successfully, session 6502e6d8-4e9c-4f70-8229-58b007a6877d added to master session list
[debug] [35m[BaseDriver][39m Event 'newSessionStarted' logged at 1583059759548 (11:49:19 GMT+0100 (CET))
[debug] [35m[W3C (6502e6d8)][39m Cached the protocol value 'W3C' for the new session 6502e6d8-4e9c-4f70-8229-58b007a6877d
[debug] [35m[W3C (6502e6d8)][39m Responding to client with driver.createSession() result: {"capabilities":{"platform":"LINUX","webStorageEnabled":false,"takesScreenshot":true,"javascriptEnabled":true,"databaseEnabled":false,"networkConnectionEnabled":true,"locationContextEnabled":false,"warnings":{},"desired":{"platformName":"Android","platfomVersion":"7.0","deviceName":"Gigaset GS170","app":"/home/tester/Desktop/appium/appium/ApiDemos-debug.apk","appPackage":"io.appium.android.apis","appActivity":"io.appium.android.apis.ApiDemos"},"platformName":"Android","platfomVersion":"7.0","deviceName":"6H6LQGK7DE8HIBCU","app":"/home/tester/Desktop/appium/appium/ApiDemos-debug.apk","appPackage":"io.appium.android.apis","appActivity":"io.appium.android.apis.ApiDemos","deviceUDID":"6H6LQGK7DE8HIBCU","deviceApiLevel":24,"platformVersion":"7.0","deviceScreenSize":"720x1280","deviceScreenDensity":320,"deviceModel":"Gigaset GS170","deviceManufacturer":"Gigaset","pixelRatio":2,"statBarHeight":48,"viewportRect":{"left":0,"top":48,"width":720,"height":1136}}}
[info] [35m[HTTP][39m [37m<-- POST /wd/hub/session [39m[32m200[39m [90m28473 ms - 1026[39m
[info] [35m[HTTP][39m [90m[39m
[info] [35m[HTTP][39m [37m-->[39m [37mPOST[39m [37m/wd/hub/session/6502e6d8-4e9c-4f70-8229-58b007a6877d/appium/device/app_installed[39m
[info] [35m[HTTP][39m [90m{"bundleId":"io.appium.android.apis"}[39m
[debug] [35m[W3C (6502e6d8)][39m Calling AppiumDriver.isAppInstalled() with args: ["io.appium.android.apis","6502e6d8-4e9c-4f70-8229-58b007a6877d"]
[debug] [35m[ADB][39m Getting install status for io.appium.android.apis
[debug] [35m[ADB][39m Running '/home/tester/Android/Sdk/platform-tools/adb -P 5037 -s 6H6LQGK7DE8HIBCU shell dumpsys package io.appium.android.apis'
[debug] [35m[ADB][39m 'io.appium.android.apis' is installed
[debug] [35m[W3C (6502e6d8)][39m Responding to client with driver.isAppInstalled() result: true
[info] [35m[HTTP][39m [37m<-- POST /wd/hub/session/6502e6d8-4e9c-4f70-8229-58b007a6877d/appium/device/app_installed [39m[32m200[39m [90m108 ms - 14[39m
[info] [35m[HTTP][39m [90m[39m
[info] [35m[HTTP][39m [37m-->[39m [37mDELETE[39m [37m/wd/hub/session/6502e6d8-4e9c-4f70-8229-58b007a6877d[39m
[info] [35m[HTTP][39m [90m{}[39m
[debug] [35m[W3C (6502e6d8)][39m Calling AppiumDriver.deleteSession() with args: ["6502e6d8-4e9c-4f70-8229-58b007a6877d"]
[debug] [35m[BaseDriver][39m Event 'quitSessionRequested' logged at 1583059759665 (11:49:19 GMT+0100 (CET))
[info] [35m[Appium][39m Removing session 6502e6d8-4e9c-4f70-8229-58b007a6877d from our master session list
[debug] [35m[UiAutomator2][39m Deleting UiAutomator2 session
[debug] [35m[UiAutomator2][39m Deleting UiAutomator2 server session
[debug] [35m[WD Proxy][39m Matched '/' to command name 'deleteSession'
[debug] [35m[WD Proxy][39m Proxying [DELETE /] to [DELETE http://localhost:8200/wd/hub/session/aebe76c8-ee49-4803-b82f-14752aca3095] with no body
[debug] [35m[WD Proxy][39m Got response with status 200: {"sessionId":"aebe76c8-ee49-4803-b82f-14752aca3095","value":null}
[debug] [35m[ADB][39m Running '/home/tester/Android/Sdk/platform-tools/adb -P 5037 -s 6H6LQGK7DE8HIBCU shell am force-stop io.appium.android.apis'[debug] [35m[Instrumentation][39m .[debug] [35m[Instrumentation][39m Time: 4.048
[debug] [35m[Instrumentation][39m 
[debug] [35m[Instrumentation][39m OK (1 test)
[debug] [35m[Instrumentation][39m The process has exited with code 0[debug] [35m[Logcat][39m Stopping logcat capture
[debug] [35m[ADB][39m Removing forwarded port socket connection: 8200 
[debug] [35m[ADB][39m Running '/home/tester/Android/Sdk/platform-tools/adb -P 5037 -s 6H6LQGK7DE8HIBCU forward --remove tcp\:8200'
[debug] [35m[BaseDriver][39m Event 'quitSessionFinished' logged at 1583059760851 (11:49:20 GMT+0100 (CET))
[debug] [35m[W3C (6502e6d8)][39m Received response: null
[debug] [35m[W3C (6502e6d8)][39m But deleting session, so not returning
[debug] [35m[W3C (6502e6d8)][39m Responding to client with driver.deleteSession() result: null
[info] [35m[HTTP][39m [37m<-- DELETE /wd/hub/session/6502e6d8-4e9c-4f70-8229-58b007a6877d [39m[32m200[39m [90m1189 ms - 14[39m
[info] [35m[HTTP][39m [90m[39m
[info] [35m[HTTP][39m [37m-->[39m [37mPOST[39m [37m/wd/hub/session[39m
[info] [35m[HTTP][39m [90m{"capabilities":{"firstMatch":[{"platformName":"Android","appium:platfomVersion":"7.0","appium:deviceName":"Gigaset GS170","appium:app":"/home/tester/Desktop/appium/appium/ApiDemos-debug.apk","appium:appPackage":"io.appium.android.apis","appium:appActivity":"io.appium.android.apis.ApiDemos"}]},"desiredCapabilities":{"platformName":"Android","platfomVersion":"7.0","deviceName":"Gigaset GS170","app":"/home/tester/Desktop/appium/appium/ApiDemos-debug.apk","appPackage":"io.appium.android.apis","appActivity":"io.appium.android.apis.ApiDemos"}}[39m
[debug] [35m[W3C][39m Calling AppiumDriver.createSession() with args: [{"platformName":"Android","platfomVersion":"7.0","deviceName":"Gigaset GS170","app":"/home/tester/Desktop/appium/appium/ApiDemos-debug.apk","appPackage":"io.appium.android.apis","appActivity":"io.appium.android.apis.ApiDemos"},null,{"firstMatch":[{"platformName":"Android","appium:platfomVersion":"7.0","appium:deviceName":"Gigaset GS170","appium:app":"/home/tester/Desktop/appium/appium/ApiDemos-debug.apk","appium:appPackage":"io.appium.android.apis","appium:appActivity":"io.appium.android.apis.ApiDemos"}]}]
[debug] [35m[BaseDriver][39m Event 'newSessionRequested' logged at 1583059760860 (11:49:20 GMT+0100 (CET))
[warn] [35m[Appium][39m 
[warn] [35m[Appium][39m ======================================================================
[warn] [35m[Appium][39m   DEPRECATION WARNING:
[warn] [35m[Appium][39m 
[warn] [35m[Appium][39m   The 'automationName' capability was not provided in the desired 
[warn] [35m[Appium][39m   capabilities for this Android session
[warn] [35m[Appium][39m 
[warn] [35m[Appium][39m   Setting 'automationName=UiAutomator2' by default and using the 
[warn] [35m[Appium][39m   UiAutomator2 Driver
[warn] [35m[Appium][39m 
[warn] [35m[Appium][39m   The next major version of Appium (2.x) will **require** the 
[warn] [35m[Appium][39m   'automationName' capability to be set for all sessions on all 
[warn] [35m[Appium][39m   platforms
[warn] [35m[Appium][39m 
[warn] [35m[Appium][39m   In previous versions (Appium <= 1.13.x), the default was 
[warn] [35m[Appium][39m   'automationName=UiAutomator1'
[warn] [35m[Appium][39m 
[warn] [35m[Appium][39m   If you wish to use that automation instead of UiAutomator2, please 
[warn] [35m[Appium][39m   add 'automationName=UiAutomator1' to your desired capabilities
[warn] [35m[Appium][39m 
[warn] [35m[Appium][39m   For more information about drivers, please visit 
[warn] [35m[Appium][39m   http://appium.io/docs/en/about-appium/intro/ and explore the 
[warn] [35m[Appium][39m   'Drivers' menu
[warn] [35m[Appium][39m 
[warn] [35m[Appium][39m ======================================================================
[warn] [35m[Appium][39m 
[info] [35m[Appium][39m Appium v1.15.1 creating new AndroidUiautomator2Driver (v1.37.2) session
[debug] [35m[BaseDriver][39m W3C capabilities and MJSONWP desired capabilities were provided
[debug] [35m[BaseDriver][39m Creating session with W3C capabilities: {
[debug] [35m[BaseDriver][39m   "alwaysMatch": {
[debug] [35m[BaseDriver][39m     "platformName": "Android",
[debug] [35m[BaseDriver][39m     "appium:platfomVersion": "7.0",
[debug] [35m[BaseDriver][39m     "appium:deviceName": "Gigaset GS170",
[debug] [35m[BaseDriver][39m     "appium:app": "/home/tester/Desktop/appium/appium/ApiDemos-debug.apk",
[debug] [35m[BaseDriver][39m     "appium:appPackage": "io.appium.android.apis",
[debug] [35m[BaseDriver][39m     "appium:appActivity": "io.appium.android.apis.ApiDemos"
[debug] [35m[BaseDriver][39m   },
[debug] [35m[BaseDriver][39m   "firstMatch": [
[debug] [35m[BaseDriver][39m     {}
[debug] [35m[BaseDriver][39m   ]
[debug] [35m[BaseDriver][39m }
[warn] [35m[BaseDriver][39m The following capabilities were provided, but are not recognized by Appium:
[warn] [35m[BaseDriver][39m   platfomVersion
[info] [35m[BaseDriver][39m Session created with session id: bd18fef9-8ae9-4652-8590-b1c586f4372d
[info] [35m[BaseDriver][39m Using local app '/home/tester/Desktop/appium/appium/ApiDemos-debug.apk'
[debug] [35m[UiAutomator2][39m Checking whether app is actually present
[info] [35m[ADB][39m Using 'adb' from '/home/tester/Android/Sdk/platform-tools/adb'
[info] [35m[AndroidDriver][39m Retrieving device list
[debug] [35m[ADB][39m Trying to find a connected android device
[debug] [35m[ADB][39m Getting connected devices...
[debug] [35m[ADB][39m Connected devices: [{"udid":"6H6LQGK7DE8HIBCU","state":"device"}]
[info] [35m[AndroidDriver][39m Using device: 6H6LQGK7DE8HIBCU
[info] [35m[ADB][39m Using 'adb' from '/home/tester/Android/Sdk/platform-tools/adb'
[debug] [35m[ADB][39m Setting device id to 6H6LQGK7DE8HIBCU
[debug] [35m[ADB][39m Running '/home/tester/Android/Sdk/platform-tools/adb -P 5037 -s 6H6LQGK7DE8HIBCU shell getprop ro.build.version.sdk'
[debug] [35m[ADB][39m Current device property 'ro.build.version.sdk': 24
[debug] [35m[ADB][39m Device API level: 24
[debug] [35m[ADB][39m Running '/home/tester/Android/Sdk/platform-tools/adb -P 5037 -s 6H6LQGK7DE8HIBCU wait-for-device'
[debug] [35m[ADB][39m Running '/home/tester/Android/Sdk/platform-tools/adb -P 5037 -s 6H6LQGK7DE8HIBCU shell echo ping'
[debug] [35m[AndroidDriver][39m Pushing settings apk to device...
[debug] [35m[ADB][39m Getting install status for io.appium.settings
[debug] [35m[ADB][39m Running '/home/tester/Android/Sdk/platform-tools/adb -P 5037 -s 6H6LQGK7DE8HIBCU shell dumpsys package io.appium.settings'[debug] [35m[ADB][39m 'io.appium.settings' is installed
[debug] [35m[ADB][39m Getting package info for 'io.appium.settings'
[debug] [35m[ADB][39m Running '/home/tester/Android/Sdk/platform-tools/adb -P 5037 -s 6H6LQGK7DE8HIBCU shell dumpsys package io.appium.settings'
[info] [35m[ADB][39m Using 'apkanalyzer' from '/home/tester/Android/Sdk/tools/bin/apkanalyzer'
[debug] [35m[ADB][39m Starting '/home/tester/Android/Sdk/tools/bin/apkanalyzer' with args ["manifest","print","/tmp/.mount_AppiumcbWzJH/resources/app/node_modules/appium/node_modules/io.appium.settings/apks/settings_apk-debug.apk"]
[info] [35m[ADB][39m Cannot extract apk info using apkanalyzer. Falling back to aapt. Original error: /bin/sh: 1: /home/tester/Android/Sdk/tools/bin/apkanalyzer: Permission denied
[info] [35m[ADB][39m 
[info] [35m[ADB][39m Using 'aapt' from '/home/tester/Android/Sdk/build-tools/29.0.3/aapt'
[debug] [35m[ADB][39m The version name of the installed 'io.appium.settings' is greater or equal to the application version name ('2.14.2' >= '2.14.2')
[debug] [35m[ADB][39m There is no need to install/upgrade '/tmp/.mount_AppiumcbWzJH/resources/app/node_modules/appium/node_modules/io.appium.settings/apks/settings_apk-debug.apk'
[debug] [35m[ADB][39m Getting IDs of all 'io.appium.settings' processes
[debug] [35m[ADB][39m Running '/home/tester/Android/Sdk/platform-tools/adb -P 5037 -s 6H6LQGK7DE8HIBCU shell 'pgrep --help; echo $?''
[debug] [35m[ADB][39m Running '/home/tester/Android/Sdk/platform-tools/adb -P 5037 -s 6H6LQGK7DE8HIBCU shell pgrep \^appium\\.settings\$'[debug] [35m[AndroidDriver][39m io.appium.settings is already running. There is no need to reset its permissions.
[debug] [35m[ADB][39m Running '/home/tester/Android/Sdk/platform-tools/adb -P 5037 -s 6H6LQGK7DE8HIBCU shell appops set io.appium.settings android\:mock_location allow'
[debug] [35m[Logcat][39m Starting logcat capture
[info] [35m[UiAutomator2][39m Server package at '/tmp/.mount_AppiumcbWzJH/resources/app/node_modules/appium/node_modules/appium-uiautomator2-server/apks/appium-uiautomator2-server-v4.3.0.apk' is not writeable. Will copy it into the temporary location at '/tmp/202021-14248-qxjc6f.rechs' as a workaround. Consider making this file writeable manually in order to improve the performance of session startup.
[info] [35m[UiAutomator2][39m Server package at '/tmp/.mount_AppiumcbWzJH/resources/app/node_modules/appium/node_modules/appium-uiautomator2-server/apks/appium-uiautomator2-server-debug-androidTest.apk' is not writeable. Will copy it into the temporary location at '/tmp/202021-14248-qxjc6f.rechs' as a workaround. Consider making this file writeable manually in order to improve the performance of session startup.
[debug] [35m[ADB][39m Getting install status for io.appium.uiautomator2.server
[debug] [35m[ADB][39m Running '/home/tester/Android/Sdk/platform-tools/adb -P 5037 -s 6H6LQGK7DE8HIBCU shell dumpsys package io.appium.uiautomator2.server'[debug] [35m[ADB][39m 'io.appium.uiautomator2.server' is installed
[debug] [35m[ADB][39m Getting package info for 'io.appium.uiautomator2.server'
[debug] [35m[ADB][39m Running '/home/tester/Android/Sdk/platform-tools/adb -P 5037 -s 6H6LQGK7DE8HIBCU shell dumpsys package io.appium.uiautomator2.server'
[debug] [35m[ADB][39m Starting '/home/tester/Android/Sdk/tools/bin/apkanalyzer' with args ["manifest","print","/tmp/202021-14248-qxjc6f.rechs/appium-uiautomator2-server-v4.3.0.apk"]
[info] [35m[ADB][39m Cannot extract apk info using apkanalyzer. Falling back to aapt. Original error: /bin/sh: 1: /home/tester/Android/Sdk/tools/bin/apkanalyzer: Permission denied
[info] [35m[ADB][39m 
[debug] [35m[ADB][39m The version name of the installed 'io.appium.uiautomator2.server' is greater or equal to the application version name ('4.3.0' >= '4.3.0')
[debug] [35m[UiAutomator2][39m io.appium.uiautomator2.server installation state: sameVersionInstalled
[debug] [35m[ADB][39m Checking app cert for /tmp/202021-14248-qxjc6f.rechs/appium-uiautomator2-server-v4.3.0.apk
[info] [35m[ADB][39m Using 'apksigner' from '/home/tester/Android/Sdk/build-tools/29.0.3/apksigner'
[debug] [35m[ADB][39m Starting '/home/tester/Android/Sdk/build-tools/29.0.3/apksigner' with args '["verify","--print-certs","/tmp/202021-14248-qxjc6f.rechs/appium-uiautomator2-server-v4.3.0.apk"]'[debug] [35m[ADB][39m apksigner stdout: Signer #1 certificate DN: EMAILADDRESS=android@android.com, CN=Android, OU=Android, O=Android, L=Mountain View, ST=California, C=US
[debug] [35m[ADB][39m Signer #1 certificate SHA-256 digest: a40da80a59d170caa950cf15c18c454d47a39b26989d8b640ecd745ba71bf5dc
[debug] [35m[ADB][39m Signer #1 certificate SHA-1 digest: 61ed377e85d386a8dfee6b864bd85b0bfaa5af81
[debug] [35m[ADB][39m Signer #1 certificate MD5 digest: e89b158e4bcf988ebd09eb83f5378e87
[debug] [35m[ADB][39m 
[debug] [35m[ADB][39m '/tmp/202021-14248-qxjc6f.rechs/appium-uiautomator2-server-v4.3.0.apk' is already signed.
[debug] [35m[ADB][39m Getting install status for io.appium.uiautomator2.server.test
[debug] [35m[ADB][39m Running '/home/tester/Android/Sdk/platform-tools/adb -P 5037 -s 6H6LQGK7DE8HIBCU shell dumpsys package io.appium.uiautomator2.server.test'
[debug] [35m[ADB][39m 'io.appium.uiautomator2.server.test' is installed
[debug] [35m[ADB][39m Checking app cert for /tmp/202021-14248-qxjc6f.rechs/appium-uiautomator2-server-debug-androidTest.apk
[debug] [35m[ADB][39m Starting '/home/tester/Android/Sdk/build-tools/29.0.3/apksigner' with args '["verify","--print-certs","/tmp/202021-14248-qxjc6f.rechs/appium-uiautomator2-server-debug-androidTest.apk"]'[debug] [35m[ADB][39m apksigner stdout: Signer #1 certificate DN: CN=Android Debug, O=Android, C=US
[debug] [35m[ADB][39m Signer #1 certificate SHA-256 digest: 3e4f2ab66d641bbbd363421151755f8b12b66ea37a5db43c52116596b7392a8e
[debug] [35m[ADB][39m Signer #1 certificate SHA-1 digest: e24fc8971c0aad07d1df6cc62af7fb0d48b45b60
[debug] [35m[ADB][39m Signer #1 certificate MD5 digest: 5623d53469c7f7147b52ace9d09901eb
[debug] [35m[ADB][39m 
[debug] [35m[ADB][39m '/tmp/202021-14248-qxjc6f.rechs/appium-uiautomator2-server-debug-androidTest.apk' is signed with non-default certificate
[info] [35m[ADB][39m Using 'zipalign' from '/home/tester/Android/Sdk/build-tools/29.0.3/zipalign'
[debug] [35m[ADB][39m /tmp/202021-14248-qxjc6f.rechs/appium-uiautomator2-server-debug-androidTest.apk' is already zip-aligned. Doing nothing
[debug] [35m[ADB][39m Signing '/tmp/202021-14248-qxjc6f.rechs/appium-uiautomator2-server-debug-androidTest.apk' with default cert
[debug] [35m[ADB][39m Starting '/home/tester/Android/Sdk/build-tools/29.0.3/apksigner' with args '["sign","--key","/tmp/.mount_AppiumcbWzJH/resources/app/node_modules/appium/node_modules/appium-adb/keys/testkey.pk8","--cert","/tmp/.mount_AppiumcbWzJH/resources/app/node_modules/appium/node_modules/appium-adb/keys/testkey.x509.pem","/tmp/202021-14248-qxjc6f.rechs/appium-uiautomator2-server-debug-androidTest.apk"]'[info] [35m[UiAutomator2][39m Server packages are going to be (re)installed
[info] [35m[UiAutomator2][39m Full packages reinstall is going to be performed
[debug] [35m[ADB][39m Uninstalling io.appium.uiautomator2.server
[debug] [35m[ADB][39m Getting install status for io.appium.uiautomator2.server
[debug] [35m[ADB][39m Running '/home/tester/Android/Sdk/platform-tools/adb -P 5037 -s 6H6LQGK7DE8HIBCU shell dumpsys package io.appium.uiautomator2.server'
[debug] [35m[ADB][39m 'io.appium.uiautomator2.server' is installed
[debug] [35m[ADB][39m Running '/home/tester/Android/Sdk/platform-tools/adb -P 5037 -s 6H6LQGK7DE8HIBCU shell am force-stop io.appium.uiautomator2.server'[debug] [35m[ADB][39m Running '/home/tester/Android/Sdk/platform-tools/adb -P 5037 -s 6H6LQGK7DE8HIBCU uninstall io.appium.uiautomator2.server'[debug] [35m[ADB][39m 'adb uninstall io.appium.uiautomator2.server' command output: Success
[info] [35m[ADB][39m io.appium.uiautomator2.server was successfully uninstalled
[debug] [35m[ADB][39m Running '/home/tester/Android/Sdk/platform-tools/adb -P 5037 -s 6H6LQGK7DE8HIBCU shell 'ls -t -1 /data/local/tmp/appium_cache 2>&1 || echo _ERROR_''[debug] [35m[ADB][39m The count of applications in the cache: 4
[info] [35m[ADB][39m The application at '/tmp/202021-14248-qxjc6f.rechs/appium-uiautomator2-server-v4.3.0.apk' is already cached to '/data/local/tmp/appium_cache/0cc1725a60a05dbb5d0d09256f2fc6ece7e3b10f.apk'
[debug] [35m[ADB][39m Running '/home/tester/Android/Sdk/platform-tools/adb -P 5037 -s 6H6LQGK7DE8HIBCU shell pm install -r /data/local/tmp/appium_cache/0cc1725a60a05dbb5d0d09256f2fc6ece7e3b10f.apk'[info] [35m[ADB][39m The installation of 'appium-uiautomator2-server-v4.3.0.apk' took 4.674s
[debug] [35m[ADB][39m Install command stdout: Success
[debug] [35m[ADB][39m Uninstalling io.appium.uiautomator2.server.test
[debug] [35m[ADB][39m Getting install status for io.appium.uiautomator2.server.test
[debug] [35m[ADB][39m Running '/home/tester/Android/Sdk/platform-tools/adb -P 5037 -s 6H6LQGK7DE8HIBCU shell dumpsys package io.appium.uiautomator2.server.test'[debug] [35m[ADB][39m 'io.appium.uiautomator2.server.test' is installed
[debug] [35m[ADB][39m Running '/home/tester/Android/Sdk/platform-tools/adb -P 5037 -s 6H6LQGK7DE8HIBCU shell am force-stop io.appium.uiautomator2.server.test'[debug] [35m[ADB][39m Running '/home/tester/Android/Sdk/platform-tools/adb -P 5037 -s 6H6LQGK7DE8HIBCU uninstall io.appium.uiautomator2.server.test'[debug] [35m[ADB][39m 'adb uninstall io.appium.uiautomator2.server.test' command output: Success
[info] [35m[ADB][39m io.appium.uiautomator2.server.test was successfully uninstalled
[debug] [35m[ADB][39m Running '/home/tester/Android/Sdk/platform-tools/adb -P 5037 -s 6H6LQGK7DE8HIBCU shell 'ls -t -1 /data/local/tmp/appium_cache 2>&1 || echo _ERROR_''
[debug] [35m[ADB][39m The count of applications in the cache: 4
[info] [35m[ADB][39m The application at '/tmp/202021-14248-qxjc6f.rechs/appium-uiautomator2-server-debug-androidTest.apk' is already cached to '/data/local/tmp/appium_cache/cd247f042368990c9f33b2d7bf2390d8cf4f4e24.apk'
[debug] [35m[ADB][39m Running '/home/tester/Android/Sdk/platform-tools/adb -P 5037 -s 6H6LQGK7DE8HIBCU shell pm install -r /data/local/tmp/appium_cache/cd247f042368990c9f33b2d7bf2390d8cf4f4e24.apk'[info] [35m[ADB][39m The installation of 'appium-uiautomator2-server-debug-androidTest.apk' took 2.554s
[debug] [35m[ADB][39m Install command stdout: Success
[debug] [35m[UiAutomator2][39m Waiting up to 30000ms for services to be available
[debug] [35m[ADB][39m Running '/home/tester/Android/Sdk/platform-tools/adb -P 5037 -s 6H6LQGK7DE8HIBCU shell pm list instrumentation'[debug] [35m[UiAutomator2][39m Instrumentation target 'io.appium.uiautomator2.server.test/androidx.test.runner.AndroidJUnitRunner' is available
[debug] [35m[UiAutomator2][39m Forwarding UiAutomator2 Server port 6790 to 8200
[debug] [35m[ADB][39m Forwarding system: 8200 to device: 6790
[debug] [35m[ADB][39m Running '/home/tester/Android/Sdk/platform-tools/adb -P 5037 -s 6H6LQGK7DE8HIBCU forward tcp\:8200 tcp\:6790'
[debug] [35m[ADB][39m Checking app cert for /home/tester/Desktop/appium/appium/ApiDemos-debug.apk
[debug] [35m[ADB][39m Starting '/home/tester/Android/Sdk/build-tools/29.0.3/apksigner' with args '["verify","--print-certs","/home/tester/Desktop/appium/appium/ApiDemos-debug.apk"]'[debug] [35m[ADB][39m apksigner stdout: Signer #1 certificate DN: EMAILADDRESS=android@android.com, CN=Android, OU=Android, O=Android, L=Mountain View, ST=California, C=US
[debug] [35m[ADB][39m Signer #1 certificate SHA-256 digest: a40da80a59d170caa950cf15c18c454d47a39b26989d8b640ecd745ba71bf5dc
[debug] [35m[ADB][39m Signer #1 certificate SHA-1 digest: 61ed377e85d386a8dfee6b864bd85b0bfaa5af81
[debug] [35m[ADB][39m Signer #1 certificate MD5 digest: e89b158e4bcf988ebd09eb83f5378e87
[debug] [35m[ADB][39m 
[debug] [35m[ADB][39m '/home/tester/Desktop/appium/appium/ApiDemos-debug.apk' is already signed.
[debug] [35m[ADB][39m Getting install status for io.appium.android.apis
[debug] [35m[ADB][39m Running '/home/tester/Android/Sdk/platform-tools/adb -P 5037 -s 6H6LQGK7DE8HIBCU shell dumpsys package io.appium.android.apis'
[debug] [35m[ADB][39m 'io.appium.android.apis' is installed
[debug] [35m[ADB][39m Getting package info for 'io.appium.android.apis'
[debug] [35m[ADB][39m Running '/home/tester/Android/Sdk/platform-tools/adb -P 5037 -s 6H6LQGK7DE8HIBCU shell dumpsys package io.appium.android.apis'[debug] [35m[ADB][39m Starting '/home/tester/Android/Sdk/tools/bin/apkanalyzer' with args ["manifest","print","/home/tester/Desktop/appium/appium/ApiDemos-debug.apk"]
[info] [35m[ADB][39m Cannot extract apk info using apkanalyzer. Falling back to aapt. Original error: /bin/sh: 1: /home/tester/Android/Sdk/tools/bin/apkanalyzer: Permission denied
[info] [35m[ADB][39m 
[warn] [35m[ADB][39m Cannot read version codes of '/home/tester/Desktop/appium/appium/ApiDemos-debug.apk' and/or 'io.appium.android.apis'
[warn] [35m[ADB][39m Cannot read version names of '/home/tester/Desktop/appium/appium/ApiDemos-debug.apk' and/or 'io.appium.android.apis'
[debug] [35m[ADB][39m The current install state of '/home/tester/Desktop/appium/appium/ApiDemos-debug.apk' is unknown. Installing anyway
[debug] [35m[ADB][39m Running '/home/tester/Android/Sdk/platform-tools/adb -P 5037 -s 6H6LQGK7DE8HIBCU shell 'ls -t -1 /data/local/tmp/appium_cache 2>&1 || echo _ERROR_''
[debug] [35m[ADB][39m The count of applications in the cache: 4
[info] [35m[ADB][39m The application at '/home/tester/Desktop/appium/appium/ApiDemos-debug.apk' is already cached to '/data/local/tmp/appium_cache/a7c3d3f518bf906dfd994f6290dfc7e6c703ccae.apk'
[debug] [35m[ADB][39m Running '/home/tester/Android/Sdk/platform-tools/adb -P 5037 -s 6H6LQGK7DE8HIBCU shell pm install -r /data/local/tmp/appium_cache/a7c3d3f518bf906dfd994f6290dfc7e6c703ccae.apk'[info] [35m[ADB][39m The installation of 'ApiDemos-debug.apk' took 3.954s
[debug] [35m[ADB][39m Install command stdout: Success
[info] [35m[AndroidDriver][39m Performing fast reset on 'io.appium.android.apis'
[debug] [35m[ADB][39m Getting install status for io.appium.android.apis
[debug] [35m[ADB][39m Running '/home/tester/Android/Sdk/platform-tools/adb -P 5037 -s 6H6LQGK7DE8HIBCU shell dumpsys package io.appium.android.apis'[debug] [35m[ADB][39m 'io.appium.android.apis' is installed
[debug] [35m[ADB][39m Running '/home/tester/Android/Sdk/platform-tools/adb -P 5037 -s 6H6LQGK7DE8HIBCU shell am force-stop io.appium.android.apis'[debug] [35m[ADB][39m Running '/home/tester/Android/Sdk/platform-tools/adb -P 5037 -s 6H6LQGK7DE8HIBCU shell pm clear io.appium.android.apis'[debug] [35m[AndroidDriver][39m Performed fast reset on the installed 'io.appium.android.apis' application (stop and clear)
[debug] [35m[UiAutomator2][39m Performing shallow cleanup of automation leftovers
[debug] [35m[UiAutomator2][39m No obsolete sessions have been detected (Error: socket hang up)
[debug] [35m[ADB][39m Running '/home/tester/Android/Sdk/platform-tools/adb -P 5037 -s 6H6LQGK7DE8HIBCU shell am force-stop io.appium.uiautomator2.server.test'[info] [35m[UiAutomator2][39m Starting UIAutomator2 server 4.3.0
[info] [35m[UiAutomator2][39m Using UIAutomator2 server from '/tmp/.mount_AppiumcbWzJH/resources/app/node_modules/appium/node_modules/appium-uiautomator2-server/apks/appium-uiautomator2-server-v4.3.0.apk' and test from '/tmp/.mount_AppiumcbWzJH/resources/app/node_modules/appium/node_modules/appium-uiautomator2-server/apks/appium-uiautomator2-server-debug-androidTest.apk'
[info] [35m[UiAutomator2][39m Waiting up to 30000ms for UiAutomator2 to be online...
[debug] [35m[ADB][39m Creating ADB subprocess with args: ["-P",5037,"-s","6H6LQGK7DE8HIBCU","shell","am","instrument","-w","io.appium.uiautomator2.server.test/androidx.test.runner.AndroidJUnitRunner"][debug] [35m[WD Proxy][39m Matched '/status' to command name 'getStatus'
[debug] [35m[WD Proxy][39m Proxying [GET /status] to [GET http://localhost:8200/wd/hub/status] with no body
[info] [35m[WD Proxy][39m Got an unexpected response with status undefined: {"code":"ECONNRESET"}[debug] [35m[Instrumentation][39m io.appium.uiautomator2.server.test.AppiumUiAutomator2Server:[debug] [35m[WD Proxy][39m Matched '/status' to command name 'getStatus'
[debug] [35m[WD Proxy][39m Proxying [GET /status] to [GET http://localhost:8200/wd/hub/status] with no body
[info] [35m[WD Proxy][39m Got an unexpected response with status undefined: {"code":"ECONNRESET"}[debug] [35m[WD Proxy][39m Matched '/status' to command name 'getStatus'
[debug] [35m[WD Proxy][39m Proxying [GET /status] to [GET http://localhost:8200/wd/hub/status] with no body
[debug] [35m[WD Proxy][39m Got response with status 200: {"sessionId":"None","value":{"ready":true,"message":"UiAutomator2 Server is ready to accept commands"}}
[debug] [35m[UiAutomator2][39m The initialization of the instrumentation process took 3217ms
[debug] [35m[WD Proxy][39m Matched '/session' to command name 'createSession'
[debug] [35m[WD Proxy][39m Proxying [POST /session] to [POST http://localhost:8200/wd/hub/session] with body: {"capabilities":{"firstMatch":[{"platform":"LINUX","webStorageEnabled":false,"takesScreenshot":true,"javascriptEnabled":true,"databaseEnabled":false,"networkConnectionEnabled":true,"locationContextEnabled":false,"warnings":{},"desired":{"platformName":"Android","platfomVersion":"7.0","deviceName":"Gigaset GS170","app":"/home/tester/Desktop/appium/appium/ApiDemos-debug.apk","appPackage":"io.appium.android.apis","appActivity":"io.appium.android.apis.ApiDemos"},"platformName":"Android","platfomVersion":"7.0","deviceName":"6H6LQGK7DE8HIBCU","app":"/home/tester/Desktop/appium/appium/ApiDemos-debug.apk","appPackage":"io.appium.android.apis","appActivity":"io.appium.android.apis.ApiDemos","deviceUDID":"6H6LQGK7DE8HIBCU"}],"alwaysMatch":{}}}[debug] [35m[WD Proxy][39m Got response with status 200: {"sessionId":"c6c5f1c6-732b-438b-aef8-0a760e64d5df","value":{"sessionId":"c6c5f1c6-732b-438b-aef8-0a760e64d5df","capabilities":{"firstMatch":[{"platform":"LINUX","webStorageEnabled":false,"takesScreenshot":true,"javascriptEnabled":true,"databaseEnabled":false,"networkConnectionEnabled":true,"locationContextEnabled":false,"warnings":{},"desired":{"platformName":"Android","platfomVersion":"7.0","deviceName":"Gigaset GS170","app":"/home/tester/Desktop/appium/appium/ApiDemos-debug.apk","appPackage":"io.appium.android.apis","appActivity":"io.appium.android.apis.ApiDemos"},"platformName":"Android","platfomVersion":"7.0","deviceName":"6H6LQGK7DE8HIBCU","app":"/home/tester/Desktop/appium/appium/ApiDemos-debug.apk","appPackage":"io.appium.android.apis","appActivity":"io.appium.android.apis.ApiDemos","deviceUDID":"6H6LQGK7DE8HIBCU"}],"alwaysMatch":{}}}}
[info] [35m[WD Proxy][39m Determined the downstream protocol as 'W3C'
[debug] [35m[WD Proxy][39m Proxying [GET /appium/device/info] to [GET http://localhost:8200/wd/hub/session/c6c5f1c6-732b-438b-aef8-0a760e64d5df/appium/device/info] with no body
[debug] [35m[WD Proxy][39m Got response with status 200: {"sessionId":"c6c5f1c6-732b-438b-aef8-0a760e64d5df","value":{"androidId":"8d083bbb4a36e0f","manufacturer":"Gigaset","model":"Gigaset GS170","brand":"Gigaset","apiVersion":"24","platformVersion":"7.0","carrierName":"","realDisplaySize":"720x1280","displayDensity":320,"networks":[{"type":1,"typeName":"WIFI","subtype":0,"subtypeName":"","isConnected":true,"detailedState":"CONNECTED","state":"CONNECTED","extraInfo":"\"WSB\"","isAvailable":true,"isFailover":false,"isRoaming":false,"capabilities":{"transportTypes":"NET_CAPABILITY_SUPL","networkCapabilities":"","linkUpstreamBandwidthKbps":1048576,"linkDownBandwidthKbps":1048576,"signalStrength":-57,"networkSpecifier":null,"SSID":null}}],"locale":"en_US","timeZone":"Europe\/Amsterdam"}}
[debug] [35m[ADB][39m Running '/home/tester/Android/Sdk/platform-tools/adb -P 5037 -s 6H6LQGK7DE8HIBCU shell dumpsys window'
[info] [35m[AndroidDriver][39m Screen already unlocked, doing nothing
[info] [35m[UiAutomator2][39m Starting 'io.appium.android.apis/io.appium.android.apis.ApiDemos and waiting for 'io.appium.android.apis/io.appium.android.apis.ApiDemos'
[debug] [35m[ADB][39m Running '/home/tester/Android/Sdk/platform-tools/adb -P 5037 -s 6H6LQGK7DE8HIBCU shell am start -W -n io.appium.android.apis/io.appium.android.apis.ApiDemos -S'[debug] [35m[WD Proxy][39m Proxying [GET /appium/device/pixel_ratio] to [GET http://localhost:8200/wd/hub/session/c6c5f1c6-732b-438b-aef8-0a760e64d5df/appium/device/pixel_ratio] with body: {}
[debug] [35m[WD Proxy][39m Got response with status 200: {"sessionId":"c6c5f1c6-732b-438b-aef8-0a760e64d5df","value":2}
[debug] [35m[WD Proxy][39m Matched '/appium/device/system_bars' to command name 'getSystemBars'
[debug] [35m[WD Proxy][39m Proxying [GET /appium/device/system_bars] to [GET http://localhost:8200/wd/hub/session/c6c5f1c6-732b-438b-aef8-0a760e64d5df/appium/device/system_bars] with body: {}
[debug] [35m[WD Proxy][39m Got response with status 200: {"sessionId":"c6c5f1c6-732b-438b-aef8-0a760e64d5df","value":{"statusBar":48}}
[debug] [35m[WD Proxy][39m Matched '/window/current/size' to command name 'getWindowSize'
[debug] [35m[WD Proxy][39m Proxying [GET /window/current/size] to [GET http://localhost:8200/wd/hub/session/c6c5f1c6-732b-438b-aef8-0a760e64d5df/window/current/size] with body: {}
[debug] [35m[WD Proxy][39m Got response with status 200: {"sessionId":"c6c5f1c6-732b-438b-aef8-0a760e64d5df","value":{"height":1184,"width":720}}
[info] [35m[Appium][39m New AndroidUiautomator2Driver session created successfully, session bd18fef9-8ae9-4652-8590-b1c586f4372d added to master session list
[debug] [35m[BaseDriver][39m Event 'newSessionStarted' logged at 1583059789440 (11:49:49 GMT+0100 (CET))
[debug] [35m[W3C (bd18fef9)][39m Cached the protocol value 'W3C' for the new session bd18fef9-8ae9-4652-8590-b1c586f4372d
[debug] [35m[W3C (bd18fef9)][39m Responding to client with driver.createSession() result: {"capabilities":{"platform":"LINUX","webStorageEnabled":false,"takesScreenshot":true,"javascriptEnabled":true,"databaseEnabled":false,"networkConnectionEnabled":true,"locationContextEnabled":false,"warnings":{},"desired":{"platformName":"Android","platfomVersion":"7.0","deviceName":"Gigaset GS170","app":"/home/tester/Desktop/appium/appium/ApiDemos-debug.apk","appPackage":"io.appium.android.apis","appActivity":"io.appium.android.apis.ApiDemos"},"platformName":"Android","platfomVersion":"7.0","deviceName":"6H6LQGK7DE8HIBCU","app":"/home/tester/Desktop/appium/appium/ApiDemos-debug.apk","appPackage":"io.appium.android.apis","appActivity":"io.appium.android.apis.ApiDemos","deviceUDID":"6H6LQGK7DE8HIBCU","deviceApiLevel":24,"platformVersion":"7.0","deviceScreenSize":"720x1280","deviceScreenDensity":320,"deviceModel":"Gigaset GS170","deviceManufacturer":"Gigaset","pixelRatio":2,"statBarHeight":48,"viewportRect":{"left":0,"top":48,"width":720,"height":1136}}}
[info] [35m[HTTP][39m [37m<-- POST /wd/hub/session [39m[32m200[39m [90m28583 ms - 1026[39m
[info] [35m[HTTP][39m [90m[39m[info] [35m[HTTP][39m [37m-->[39m [37mPOST[39m [37m/wd/hub/session/bd18fef9-8ae9-4652-8590-b1c586f4372d/appium/device/app_installed[39m
[info] [35m[HTTP][39m [90m{"bundleId":"com.example.android.contactmanager"}[39m
[debug] [35m[W3C (bd18fef9)][39m Calling AppiumDriver.isAppInstalled() with args: ["com.example.android.contactmanager","bd18fef9-8ae9-4652-8590-b1c586f4372d"]
[debug] [35m[ADB][39m Getting install status for com.example.android.contactmanager
[debug] [35m[ADB][39m Running '/home/tester/Android/Sdk/platform-tools/adb -P 5037 -s 6H6LQGK7DE8HIBCU shell dumpsys package com.example.android.contactmanager'
[debug] [35m[ADB][39m 'com.example.android.contactmanager' is installed
[debug] [35m[W3C (bd18fef9)][39m Responding to client with driver.isAppInstalled() result: true
[info] [35m[HTTP][39m [37m<-- POST /wd/hub/session/bd18fef9-8ae9-4652-8590-b1c586f4372d/appium/device/app_installed [39m[32m200[39m [90m108 ms - 14[39m
[info] [35m[HTTP][39m [90m[39m
[info] [35m[HTTP][39m [37m-->[39m [37mDELETE[39m [37m/wd/hub/session/bd18fef9-8ae9-4652-8590-b1c586f4372d[39m
[info] [35m[HTTP][39m [90m{}[39m
[debug] [35m[W3C (bd18fef9)][39m Calling AppiumDriver.deleteSession() with args: ["bd18fef9-8ae9-4652-8590-b1c586f4372d"]
[debug] [35m[BaseDriver][39m Event 'quitSessionRequested' logged at 1583059789557 (11:49:49 GMT+0100 (CET))
[info] [35m[Appium][39m Removing session bd18fef9-8ae9-4652-8590-b1c586f4372d from our master session list
[debug] [35m[UiAutomator2][39m Deleting UiAutomator2 session
[debug] [35m[UiAutomator2][39m Deleting UiAutomator2 server session
[debug] [35m[WD Proxy][39m Matched '/' to command name 'deleteSession'
[debug] [35m[WD Proxy][39m Proxying [DELETE /] to [DELETE http://localhost:8200/wd/hub/session/c6c5f1c6-732b-438b-aef8-0a760e64d5df] with no body
[debug] [35m[WD Proxy][39m Got response with status 200: {"sessionId":"c6c5f1c6-732b-438b-aef8-0a760e64d5df","value":null}
[debug] [35m[ADB][39m Running '/home/tester/Android/Sdk/platform-tools/adb -P 5037 -s 6H6LQGK7DE8HIBCU shell am force-stop io.appium.android.apis'
[debug] [35m[Instrumentation][39m .[debug] [35m[Instrumentation][39m Time: 4.054
[debug] [35m[Instrumentation][39m 
[debug] [35m[Instrumentation][39m OK (1 test)
[debug] [35m[Instrumentation][39m The process has exited with code 0[debug] [35m[Logcat][39m Stopping logcat capture
[debug] [35m[ADB][39m Removing forwarded port socket connection: 8200 
[debug] [35m[ADB][39m Running '/home/tester/Android/Sdk/platform-tools/adb -P 5037 -s 6H6LQGK7DE8HIBCU forward --remove tcp\:8200'
[debug] [35m[BaseDriver][39m Event 'quitSessionFinished' logged at 1583059790746 (11:49:50 GMT+0100 (CET))
[debug] [35m[W3C (bd18fef9)][39m Received response: null
[debug] [35m[W3C (bd18fef9)][39m But deleting session, so not returning
[debug] [35m[W3C (bd18fef9)][39m Responding to client with driver.deleteSession() result: null
[info] [35m[HTTP][39m [37m<-- DELETE /wd/hub/session/bd18fef9-8ae9-4652-8590-b1c586f4372d [39m[32m200[39m [90m1192 ms - 14[39m
[info] [35m[HTTP][39m [90m[39m